[ 2017-05-05T11:41:44+08:00 ] ::1 /personalWebsite/index.php/home
INFO: [ app_init ] --START--
INFO: Run Behavior\BuildLiteBehavior [ RunTime:0.000011s ]
INFO: [ app_init ] --END-- [ RunTime:0.000601s ]
INFO: [ app_begin ] --START--
INFO: Run Behavior\ReadHtmlCacheBehavior [ RunTime:0.001034s ]
INFO: [ app_begin ] --END-- [ RunTime:0.001077s ]
SQL: SHOW COLUMNS FROM `art` [ RunTime:0.1559s ]
SQL: SELECT `art_id`,`art_read`,`art_zan`,`art_title` FROM `art` WHERE ( UNIX_TIMESTAMP(art_time) > 1493350904 and UNIX_TIMESTAMP(art_time) < 1493955704 ) ORDER BY art_read desc LIMIT 0,5   [ RunTime:0.0003s ]
SQL: SHOW COLUMNS FROM `download` [ RunTime:0.0512s ]
SQL: SELECT * FROM `download` ORDER BY d_num desc LIMIT 0,5   [ RunTime:0.0002s ]
SQL: SELECT art.art_id,`art_title`,`art_content`,`art_author`,`art_read`,`art_zan`,`art_cataogaries`,`art_tags`,`art_time`,`art_href`,count(com_id) as idnum FROM `art` left join commentreply on commentreply.art_id = art.art_id  GROUP BY art.art_id ORDER BY art_time desc  [ RunTime:0.0084s ]
SQL: SELECT art.art_id,`art_title`,`art_content`,`art_author`,`art_read`,`art_zan`,`art_cataogaries`,`art_tags`,`art_time`,`art_href`,count(com_id) as idnum FROM `art` left join commentreply on commentreply.art_id = art.art_id  GROUP BY art.art_id ORDER BY art_time desc LIMIT 0,5   [ RunTime:0.0024s ]
INFO: [ view_parse ] --START--
INFO: [ template_filter ] --START--
INFO: Run Behavior\ContentReplaceBehavior [ RunTime:0.000070s ]
INFO: [ template_filter ] --END-- [ RunTime:0.000117s ]
INFO: Run Behavior\ParseTemplateBehavior [ RunTime:0.039960s ]
INFO: [ view_parse ] --END-- [ RunTime:0.040013s ]
INFO: [ view_filter ] --START--
INFO: Run Behavior\WriteHtmlCacheBehavior [ RunTime:0.001048s ]
INFO: [ view_filter ] --END-- [ RunTime:0.001084s ]
INFO: [ app_end ] --START--
INFO: Run Behavior\ShowPageTraceBehavior [ RunTime:0.001196s ]
INFO: [ app_end ] --END-- [ RunTime:0.001235s ]

[ 2017-05-05T11:41:46+08:00 ] ::1 /personalWebsite/index.php/Home/Index/broadcast
INFO: [ app_init ] --START--
INFO: Run Behavior\BuildLiteBehavior [ RunTime:0.000016s ]
INFO: [ app_init ] --END-- [ RunTime:0.000571s ]
INFO: [ app_begin ] --START--
INFO: Run Behavior\ReadHtmlCacheBehavior [ RunTime:0.001134s ]
INFO: [ app_begin ] --END-- [ RunTime:0.001193s ]
SQL: SHOW COLUMNS FROM `cast_one` [ RunTime:0.0245s ]
SQL: SELECT * FROM `cast_one`  [ RunTime:0.0001s ]

[ 2017-05-05T11:41:47+08:00 ] ::1 /personalWebsite/index.php/Home/Index/index.html
INFO: [ app_init ] --START--
INFO: Run Behavior\BuildLiteBehavior [ RunTime:0.000010s ]
INFO: [ app_init ] --END-- [ RunTime:0.000393s ]
INFO: [ app_begin ] --START--
INFO: Run Behavior\ReadHtmlCacheBehavior [ RunTime:0.000887s ]
INFO: [ app_begin ] --END-- [ RunTime:0.000935s ]
SQL: SHOW COLUMNS FROM `art` [ RunTime:0.0039s ]
SQL: SELECT `art_id`,`art_read`,`art_zan`,`art_title` FROM `art` WHERE ( UNIX_TIMESTAMP(art_time) > 1493350907 and UNIX_TIMESTAMP(art_time) < 1493955707 ) ORDER BY art_read desc LIMIT 0,5   [ RunTime:0.0003s ]
SQL: SHOW COLUMNS FROM `download` [ RunTime:0.0042s ]
SQL: SELECT * FROM `download` ORDER BY d_num desc LIMIT 0,5   [ RunTime:0.0003s ]
SQL: SELECT art.art_id,`art_title`,`art_content`,`art_author`,`art_read`,`art_zan`,`art_cataogaries`,`art_tags`,`art_time`,`art_href`,count(com_id) as idnum FROM `art` left join commentreply on commentreply.art_id = art.art_id  GROUP BY art.art_id ORDER BY art_time desc  [ RunTime:0.0028s ]
SQL: SELECT art.art_id,`art_title`,`art_content`,`art_author`,`art_read`,`art_zan`,`art_cataogaries`,`art_tags`,`art_time`,`art_href`,count(com_id) as idnum FROM `art` left join commentreply on commentreply.art_id = art.art_id  GROUP BY art.art_id ORDER BY art_time desc LIMIT 0,5   [ RunTime:0.0024s ]
INFO: [ view_parse ] --START--
INFO: [ template_filter ] --START--
INFO: Run Behavior\ContentReplaceBehavior [ RunTime:0.000078s ]
INFO: [ template_filter ] --END-- [ RunTime:0.000127s ]
INFO: Run Behavior\ParseTemplateBehavior [ RunTime:0.028522s ]
INFO: [ view_parse ] --END-- [ RunTime:0.028578s ]
INFO: [ view_filter ] --START--
INFO: Run Behavior\WriteHtmlCacheBehavior [ RunTime:0.000720s ]
INFO: [ view_filter ] --END-- [ RunTime:0.000757s ]
INFO: [ app_end ] --START--
INFO: Run Behavior\ShowPageTraceBehavior [ RunTime:0.000953s ]
INFO: [ app_end ] --END-- [ RunTime:0.001007s ]

[ 2017-05-05T11:41:47+08:00 ] ::1 /personalWebsite/index.php/Home/Index/broadcast
INFO: [ app_init ] --START--
INFO: Run Behavior\BuildLiteBehavior [ RunTime:0.000011s ]
INFO: [ app_init ] --END-- [ RunTime:0.000347s ]
INFO: [ app_begin ] --START--
INFO: Run Behavior\ReadHtmlCacheBehavior [ RunTime:0.001373s ]
INFO: [ app_begin ] --END-- [ RunTime:0.001460s ]
SQL: SHOW COLUMNS FROM `cast_one` [ RunTime:0.0028s ]
SQL: SELECT * FROM `cast_one`  [ RunTime:0.0003s ]

