[ 2017-03-10T15:07:03+08:00 ] ::1 /personalWebsite/index.php/Home/Index/index.html
INFO: [ app_init ] --START--
INFO: Run Behavior\BuildLiteBehavior [ RunTime:0.000013s ]
INFO: [ app_init ] --END-- [ RunTime:0.002132s ]
INFO: [ app_begin ] --START--
INFO: Run Behavior\ReadHtmlCacheBehavior [ RunTime:0.010557s ]
INFO: [ app_begin ] --END-- [ RunTime:0.010609s ]
SQL: SHOW COLUMNS FROM `art` [ RunTime:0.0031s ]
SQL: SELECT `art_id`,`art_read`,`art_zan`,`art_title` FROM `art` WHERE ( UNIX_TIMESTAMP(art_time) > 1488524823 and UNIX_TIMESTAMP(art_time) < 1489129622 ) ORDER BY art_read desc LIMIT 0,5   [ RunTime:0.0175s ]
SQL: SELECT * FROM `art` left join photo on photo.art_id = art.art_id left join comment on comment.art_id = art.art_id  WHERE ( photo_id = 1 ) ORDER BY art_time desc  [ RunTime:0.0073s ]
INFO: [ view_parse ] --START--
INFO: [ template_filter ] --START--
INFO: Run Behavior\ContentReplaceBehavior [ RunTime:0.000065s ]
INFO: [ template_filter ] --END-- [ RunTime:0.000113s ]
INFO: Run Behavior\ParseTemplateBehavior [ RunTime:0.039558s ]
INFO: [ view_parse ] --END-- [ RunTime:0.039610s ]
INFO: [ view_filter ] --START--
INFO: Run Behavior\WriteHtmlCacheBehavior [ RunTime:0.002862s ]
INFO: [ view_filter ] --END-- [ RunTime:0.002902s ]
INFO: [ app_end ] --START--
INFO: Run Behavior\ShowPageTraceBehavior [ RunTime:0.004990s ]
INFO: [ app_end ] --END-- [ RunTime:0.005066s ]

[ 2017-03-10T15:07:04+08:00 ] ::1 /personalWebsite/index.php/Home/Index/broadcast
INFO: [ app_init ] --START--
INFO: Run Behavior\BuildLiteBehavior [ RunTime:0.000025s ]
INFO: [ app_init ] --END-- [ RunTime:0.000418s ]
INFO: [ app_begin ] --START--
INFO: Run Behavior\ReadHtmlCacheBehavior [ RunTime:0.000379s ]
INFO: [ app_begin ] --END-- [ RunTime:0.000415s ]
SQL: SHOW COLUMNS FROM `cast_one` [ RunTime:0.0227s ]
SQL: SELECT * FROM `cast_one`  [ RunTime:0.0002s ]

[ 2017-03-10T15:07:09+08:00 ] ::1 /personalWebsite/index.php/Home/Index/index.html
INFO: [ app_init ] --START--
INFO: Run Behavior\BuildLiteBehavior [ RunTime:0.000022s ]
INFO: [ app_init ] --END-- [ RunTime:0.000457s ]
INFO: [ app_begin ] --START--
INFO: Run Behavior\ReadHtmlCacheBehavior [ RunTime:0.000409s ]
INFO: [ app_begin ] --END-- [ RunTime:0.000452s ]
SQL: SHOW COLUMNS FROM `art` [ RunTime:0.0031s ]
SQL: SELECT `art_id`,`art_read`,`art_zan`,`art_title` FROM `art` WHERE ( UNIX_TIMESTAMP(art_time) > 1488524829 and UNIX_TIMESTAMP(art_time) < 1489129629 ) ORDER BY art_read desc LIMIT 0,5   [ RunTime:0.0003s ]
SQL: SELECT * FROM `art` left join photo on photo.art_id = art.art_id left join comment on comment.art_id = art.art_id  WHERE ( photo_id = 1 ) ORDER BY art_time desc  [ RunTime:0.0022s ]
INFO: [ view_parse ] --START--
INFO: [ template_filter ] --START--
INFO: Run Behavior\ContentReplaceBehavior [ RunTime:0.000134s ]
INFO: [ template_filter ] --END-- [ RunTime:0.000232s ]
INFO: Run Behavior\ParseTemplateBehavior [ RunTime:0.016491s ]
INFO: [ view_parse ] --END-- [ RunTime:0.016539s ]
INFO: [ view_filter ] --START--
INFO: Run Behavior\WriteHtmlCacheBehavior [ RunTime:0.000264s ]
INFO: [ view_filter ] --END-- [ RunTime:0.000298s ]
INFO: [ app_end ] --START--
INFO: Run Behavior\ShowPageTraceBehavior [ RunTime:0.000533s ]
INFO: [ app_end ] --END-- [ RunTime:0.000574s ]

[ 2017-03-10T15:07:10+08:00 ] ::1 /personalWebsite/index.php/Home/Index/broadcast
INFO: [ app_init ] --START--
INFO: Run Behavior\BuildLiteBehavior [ RunTime:0.000053s ]
INFO: [ app_init ] --END-- [ RunTime:0.000956s ]
INFO: [ app_begin ] --START--
INFO: Run Behavior\ReadHtmlCacheBehavior [ RunTime:0.000472s ]
INFO: [ app_begin ] --END-- [ RunTime:0.000524s ]
SQL: SHOW COLUMNS FROM `cast_one` [ RunTime:0.0070s ]
SQL: SELECT * FROM `cast_one`  [ RunTime:0.0002s ]

[ 2017-03-10T15:07:13+08:00 ] ::1 /personalWebsite/index.php/Home/article/article/page/1
INFO: [ app_init ] --START--
INFO: Run Behavior\BuildLiteBehavior [ RunTime:0.000011s ]
INFO: [ app_init ] --END-- [ RunTime:0.000339s ]
INFO: [ app_begin ] --START--
INFO: Run Behavior\ReadHtmlCacheBehavior [ RunTime:0.000644s ]
INFO: [ app_begin ] --END-- [ RunTime:0.000686s ]
SQL: SHOW COLUMNS FROM `art` [ RunTime:0.0064s ]
SQL: SELECT * FROM `art` WHERE ( art_id=1 ) LIMIT 1   [ RunTime:0.0003s ]
INFO: [ view_parse ] --START--
INFO: [ template_filter ] --START--
INFO: Run Behavior\ContentReplaceBehavior [ RunTime:0.000062s ]
INFO: [ template_filter ] --END-- [ RunTime:0.000108s ]
NOTIC: [8] Undefined index: comment D:\xampp\htdocs\personalWebsite\Runtime\Cache\Home\590e9d3d1e6fd62ed8fa5111854ac312.php 第 57 行.
INFO: Run Behavior\ParseTemplateBehavior [ RunTime:0.046494s ]
INFO: [ view_parse ] --END-- [ RunTime:0.046545s ]
INFO: [ view_filter ] --START--
INFO: Run Behavior\WriteHtmlCacheBehavior [ RunTime:0.000540s ]
INFO: [ view_filter ] --END-- [ RunTime:0.000576s ]
INFO: [ app_end ] --START--
INFO: Run Behavior\ShowPageTraceBehavior [ RunTime:0.000910s ]
INFO: [ app_end ] --END-- [ RunTime:0.000962s ]

[ 2017-03-10T15:07:13+08:00 ] ::1 /personalWebsite/index.php/Home/Article/comment?page=1
INFO: [ app_init ] --START--
INFO: Run Behavior\BuildLiteBehavior [ RunTime:0.000018s ]
INFO: [ app_init ] --END-- [ RunTime:0.000357s ]
INFO: [ app_begin ] --START--
INFO: Run Behavior\ReadHtmlCacheBehavior [ RunTime:0.000414s ]
INFO: [ app_begin ] --END-- [ RunTime:0.000463s ]
SQL: SHOW COLUMNS FROM `comment` [ RunTime:0.0026s ]
SQL: SELECT * FROM `comment` WHERE ( art_id=1 )  [ RunTime:0.0002s ]

[ 2017-03-10T15:07:20+08:00 ] ::1 /personalWebsite/index.php/Home/article/article/page/2
INFO: [ app_init ] --START--
INFO: Run Behavior\BuildLiteBehavior [ RunTime:0.000011s ]
INFO: [ app_init ] --END-- [ RunTime:0.000310s ]
INFO: [ app_begin ] --START--
INFO: Run Behavior\ReadHtmlCacheBehavior [ RunTime:0.000345s ]
INFO: [ app_begin ] --END-- [ RunTime:0.000384s ]
SQL: SHOW COLUMNS FROM `art` [ RunTime:0.0031s ]
SQL: SELECT * FROM `art` WHERE ( art_id=2 ) LIMIT 1   [ RunTime:0.0002s ]
INFO: [ view_parse ] --START--
INFO: [ template_filter ] --START--
INFO: Run Behavior\ContentReplaceBehavior [ RunTime:0.000057s ]
INFO: [ template_filter ] --END-- [ RunTime:0.000093s ]
NOTIC: [8] Undefined index: comment D:\xampp\htdocs\personalWebsite\Runtime\Cache\Home\590e9d3d1e6fd62ed8fa5111854ac312.php 第 57 行.
INFO: Run Behavior\ParseTemplateBehavior [ RunTime:0.015897s ]
INFO: [ view_parse ] --END-- [ RunTime:0.015941s ]
INFO: [ view_filter ] --START--
INFO: Run Behavior\WriteHtmlCacheBehavior [ RunTime:0.000191s ]
INFO: [ view_filter ] --END-- [ RunTime:0.000223s ]
INFO: [ app_end ] --START--
INFO: Run Behavior\ShowPageTraceBehavior [ RunTime:0.000600s ]
INFO: [ app_end ] --END-- [ RunTime:0.000655s ]

[ 2017-03-10T15:07:20+08:00 ] ::1 /personalWebsite/index.php/Home/Article/comment?page=2
INFO: [ app_init ] --START--
INFO: Run Behavior\BuildLiteBehavior [ RunTime:0.000032s ]
INFO: [ app_init ] --END-- [ RunTime:0.000398s ]
INFO: [ app_begin ] --START--
INFO: Run Behavior\ReadHtmlCacheBehavior [ RunTime:0.000433s ]
INFO: [ app_begin ] --END-- [ RunTime:0.000489s ]
SQL: SHOW COLUMNS FROM `comment` [ RunTime:0.0024s ]
SQL: SELECT * FROM `comment` WHERE ( art_id=2 )  [ RunTime:0.0002s ]

[ 2017-03-10T15:08:26+08:00 ] ::1 /personalWebsite/index.php/Home/Index/index.html
INFO: [ app_init ] --START--
INFO: Run Behavior\BuildLiteBehavior [ RunTime:0.000015s ]
INFO: [ app_init ] --END-- [ RunTime:0.000280s ]
INFO: [ app_begin ] --START--
INFO: Run Behavior\ReadHtmlCacheBehavior [ RunTime:0.000729s ]
INFO: [ app_begin ] --END-- [ RunTime:0.000897s ]
SQL: SHOW COLUMNS FROM `art` [ RunTime:0.0034s ]
SQL: SELECT `art_id`,`art_read`,`art_zan`,`art_title` FROM `art` WHERE ( UNIX_TIMESTAMP(art_time) > 1488524906 and UNIX_TIMESTAMP(art_time) < 1489129706 ) ORDER BY art_read desc LIMIT 0,5   [ RunTime:0.0003s ]
SQL: SELECT * FROM `art` left join photo on photo.art_id = art.art_id left join comment on comment.art_id = art.art_id  WHERE ( photo_id = 1 ) ORDER BY art_time desc  [ RunTime:0.0024s ]
INFO: [ view_parse ] --START--
INFO: [ template_filter ] --START--
INFO: Run Behavior\ContentReplaceBehavior [ RunTime:0.000066s ]
INFO: [ template_filter ] --END-- [ RunTime:0.000112s ]
INFO: Run Behavior\ParseTemplateBehavior [ RunTime:0.014891s ]
INFO: [ view_parse ] --END-- [ RunTime:0.014932s ]
INFO: [ view_filter ] --START--
INFO: Run Behavior\WriteHtmlCacheBehavior [ RunTime:0.000178s ]
INFO: [ view_filter ] --END-- [ RunTime:0.000222s ]
INFO: [ app_end ] --START--
INFO: Run Behavior\ShowPageTraceBehavior [ RunTime:0.000447s ]
INFO: [ app_end ] --END-- [ RunTime:0.000512s ]

[ 2017-03-10T15:08:27+08:00 ] ::1 /personalWebsite/index.php/Home/Index/broadcast
INFO: [ app_init ] --START--
INFO: Run Behavior\BuildLiteBehavior [ RunTime:0.000009s ]
INFO: [ app_init ] --END-- [ RunTime:0.000239s ]
INFO: [ app_begin ] --START--
INFO: Run Behavior\ReadHtmlCacheBehavior [ RunTime:0.000346s ]
INFO: [ app_begin ] --END-- [ RunTime:0.000383s ]
SQL: SHOW COLUMNS FROM `cast_one` [ RunTime:0.0376s ]
SQL: SELECT * FROM `cast_one`  [ RunTime:0.0002s ]

[ 2017-03-10T15:10:31+08:00 ] ::1 /personalWebsite/index.php/Home/Index/index.html
INFO: [ app_init ] --START--
INFO: Run Behavior\BuildLiteBehavior [ RunTime:0.000009s ]
INFO: [ app_init ] --END-- [ RunTime:0.000375s ]
INFO: [ app_begin ] --START--
INFO: Run Behavior\ReadHtmlCacheBehavior [ RunTime:0.000721s ]
INFO: [ app_begin ] --END-- [ RunTime:0.000762s ]
SQL: SHOW COLUMNS FROM `art` [ RunTime:0.0028s ]
SQL: SELECT `art_id`,`art_read`,`art_zan`,`art_title` FROM `art` WHERE ( UNIX_TIMESTAMP(art_time) > 1488525030 and UNIX_TIMESTAMP(art_time) < 1489129830 ) ORDER BY art_read desc LIMIT 0,5   [ RunTime:0.0003s ]
SQL: SELECT * FROM `art` left join photo on photo.art_id = art.art_id left join comment on comment.art_id = art.art_id  WHERE ( photo_id = 1 ) ORDER BY art_time desc  [ RunTime:0.0034s ]
INFO: [ view_parse ] --START--
INFO: [ template_filter ] --START--
INFO: Run Behavior\ContentReplaceBehavior [ RunTime:0.000063s ]
INFO: [ template_filter ] --END-- [ RunTime:0.000099s ]
INFO: Run Behavior\ParseTemplateBehavior [ RunTime:0.017323s ]
INFO: [ view_parse ] --END-- [ RunTime:0.017367s ]
INFO: [ view_filter ] --START--
INFO: Run Behavior\WriteHtmlCacheBehavior [ RunTime:0.000629s ]
INFO: [ view_filter ] --END-- [ RunTime:0.000663s ]
INFO: [ app_end ] --START--
INFO: Run Behavior\ShowPageTraceBehavior [ RunTime:0.000961s ]
INFO: [ app_end ] --END-- [ RunTime:0.000997s ]

[ 2017-03-10T15:10:31+08:00 ] ::1 /personalWebsite/index.php/Home/Index/broadcast
INFO: [ app_init ] --START--
INFO: Run Behavior\BuildLiteBehavior [ RunTime:0.000037s ]
INFO: [ app_init ] --END-- [ RunTime:0.000737s ]
INFO: [ app_begin ] --START--
INFO: Run Behavior\ReadHtmlCacheBehavior [ RunTime:0.001758s ]
INFO: [ app_begin ] --END-- [ RunTime:0.001893s ]
SQL: SHOW COLUMNS FROM `cast_one` [ RunTime:0.0031s ]
SQL: SELECT * FROM `cast_one`  [ RunTime:0.0001s ]

[ 2017-03-10T15:10:45+08:00 ] ::1 /personalWebsite/index.php/Home/article/article/page/2
INFO: [ app_init ] --START--
INFO: Run Behavior\BuildLiteBehavior [ RunTime:0.000043s ]
INFO: [ app_init ] --END-- [ RunTime:0.000573s ]
INFO: [ app_begin ] --START--
INFO: Run Behavior\ReadHtmlCacheBehavior [ RunTime:0.000506s ]
INFO: [ app_begin ] --END-- [ RunTime:0.000565s ]
SQL: SHOW COLUMNS FROM `art` [ RunTime:0.0034s ]
SQL: SELECT * FROM `art` WHERE ( art_id=2 ) LIMIT 1   [ RunTime:0.0003s ]
INFO: [ view_parse ] --START--
INFO: [ template_filter ] --START--
INFO: Run Behavior\ContentReplaceBehavior [ RunTime:0.000197s ]
INFO: [ template_filter ] --END-- [ RunTime:0.000437s ]
NOTIC: [8] Undefined index: comment D:\xampp\htdocs\personalWebsite\Runtime\Cache\Home\590e9d3d1e6fd62ed8fa5111854ac312.php 第 57 行.
INFO: Run Behavior\ParseTemplateBehavior [ RunTime:0.019517s ]
INFO: [ view_parse ] --END-- [ RunTime:0.019566s ]
INFO: [ view_filter ] --START--
INFO: Run Behavior\WriteHtmlCacheBehavior [ RunTime:0.000397s ]
INFO: [ view_filter ] --END-- [ RunTime:0.000449s ]
INFO: [ app_end ] --START--
INFO: Run Behavior\ShowPageTraceBehavior [ RunTime:0.001638s ]
INFO: [ app_end ] --END-- [ RunTime:0.001908s ]

[ 2017-03-10T15:10:45+08:00 ] ::1 /personalWebsite/index.php/Home/Article/comment?page=2
INFO: [ app_init ] --START--
INFO: Run Behavior\BuildLiteBehavior [ RunTime:0.000018s ]
INFO: [ app_init ] --END-- [ RunTime:0.000335s ]
INFO: [ app_begin ] --START--
INFO: Run Behavior\ReadHtmlCacheBehavior [ RunTime:0.000571s ]
INFO: [ app_begin ] --END-- [ RunTime:0.000624s ]
SQL: SHOW COLUMNS FROM `comment` [ RunTime:0.0060s ]
SQL: SELECT * FROM `comment` WHERE ( art_id=2 )  [ RunTime:0.0002s ]

[ 2017-03-10T15:11:03+08:00 ] ::1 /personalWebsite/index.php/Home/Frotend/frotend.html
INFO: [ app_init ] --START--
INFO: Run Behavior\BuildLiteBehavior [ RunTime:0.000010s ]
INFO: [ app_init ] --END-- [ RunTime:0.000254s ]
INFO: [ app_begin ] --START--
INFO: Run Behavior\ReadHtmlCacheBehavior [ RunTime:0.000415s ]
INFO: [ app_begin ] --END-- [ RunTime:0.000455s ]
SQL: SHOW COLUMNS FROM `art` [ RunTime:0.0036s ]
SQL: SELECT * FROM `art` left join photo on photo.art_id = art.art_id left join comment on comment.art_id = art.art_id  WHERE ( art_cataogaries='前端开发' and photo_id = 1 ) ORDER BY art_time desc  [ RunTime:0.0024s ]
INFO: [ view_parse ] --START--
INFO: [ template_filter ] --START--
INFO: Run Behavior\ContentReplaceBehavior [ RunTime:0.000054s ]
INFO: [ template_filter ] --END-- [ RunTime:0.000101s ]
INFO: Run Behavior\ParseTemplateBehavior [ RunTime:0.077984s ]
INFO: [ view_parse ] --END-- [ RunTime:0.078034s ]
INFO: [ view_filter ] --START--
INFO: Run Behavior\WriteHtmlCacheBehavior [ RunTime:0.000315s ]
INFO: [ view_filter ] --END-- [ RunTime:0.000348s ]
INFO: [ app_end ] --START--
INFO: Run Behavior\ShowPageTraceBehavior [ RunTime:0.000679s ]
INFO: [ app_end ] --END-- [ RunTime:0.000715s ]

[ 2017-03-10T15:11:03+08:00 ] ::1 /personalWebsite/index.php/Home/Index/broadcast
INFO: [ app_init ] --START--
INFO: Run Behavior\BuildLiteBehavior [ RunTime:0.000030s ]
INFO: [ app_init ] --END-- [ RunTime:0.000663s ]
INFO: [ app_begin ] --START--
INFO: Run Behavior\ReadHtmlCacheBehavior [ RunTime:0.000861s ]
INFO: [ app_begin ] --END-- [ RunTime:0.001003s ]
SQL: SHOW COLUMNS FROM `cast_one` [ RunTime:0.0025s ]
SQL: SELECT * FROM `cast_one`  [ RunTime:0.0001s ]

[ 2017-03-10T15:11:04+08:00 ] ::1 /personalWebsite/index.php/Home/Admin/admin.html
INFO: [ app_init ] --START--
INFO: Run Behavior\BuildLiteBehavior [ RunTime:0.000024s ]
INFO: [ app_init ] --END-- [ RunTime:0.000469s ]
INFO: [ app_begin ] --START--
INFO: Run Behavior\ReadHtmlCacheBehavior [ RunTime:0.000803s ]
INFO: [ app_begin ] --END-- [ RunTime:0.000871s ]
SQL: SHOW COLUMNS FROM `art` [ RunTime:0.0028s ]
SQL: SELECT * FROM `art` left join photo on photo.art_id = art.art_id left join comment on comment.art_id = art.art_id  WHERE ( art_cataogaries='后端开发' and photo_id = 1 ) ORDER BY art_time desc  [ RunTime:0.0027s ]
INFO: [ view_parse ] --START--
INFO: [ template_filter ] --START--
INFO: Run Behavior\ContentReplaceBehavior [ RunTime:0.000050s ]
INFO: [ template_filter ] --END-- [ RunTime:0.000090s ]
INFO: Run Behavior\ParseTemplateBehavior [ RunTime:0.021936s ]
INFO: [ view_parse ] --END-- [ RunTime:0.022015s ]
INFO: [ view_filter ] --START--
INFO: Run Behavior\WriteHtmlCacheBehavior [ RunTime:0.000317s ]
INFO: [ view_filter ] --END-- [ RunTime:0.000352s ]
INFO: [ app_end ] --START--
INFO: Run Behavior\ShowPageTraceBehavior [ RunTime:0.000624s ]
INFO: [ app_end ] --END-- [ RunTime:0.000661s ]

[ 2017-03-10T15:11:04+08:00 ] ::1 /personalWebsite/index.php/Home/Index/broadcast
INFO: [ app_init ] --START--
INFO: Run Behavior\BuildLiteBehavior [ RunTime:0.000017s ]
INFO: [ app_init ] --END-- [ RunTime:0.000323s ]
INFO: [ app_begin ] --START--
INFO: Run Behavior\ReadHtmlCacheBehavior [ RunTime:0.000509s ]
INFO: [ app_begin ] --END-- [ RunTime:0.000562s ]
SQL: SHOW COLUMNS FROM `cast_one` [ RunTime:0.0029s ]
SQL: SELECT * FROM `cast_one`  [ RunTime:0.0002s ]

[ 2017-03-10T15:11:44+08:00 ] ::1 /personalWebsite/index.php/Home/Mobile/mobile.html
INFO: [ app_init ] --START--
INFO: Run Behavior\BuildLiteBehavior [ RunTime:0.000010s ]
INFO: [ app_init ] --END-- [ RunTime:0.000385s ]
INFO: [ app_begin ] --START--
INFO: Run Behavior\ReadHtmlCacheBehavior [ RunTime:0.000399s ]
INFO: [ app_begin ] --END-- [ RunTime:0.000441s ]
SQL: SHOW COLUMNS FROM `art` [ RunTime:0.0032s ]
SQL: SELECT * FROM `art` left join photo on photo.art_id = art.art_id left join comment on comment.art_id = art.art_id  WHERE ( art_cataogaries='移动端开发' and photo_id = 1 ) ORDER BY art_time desc  [ RunTime:0.0024s ]
INFO: [ view_parse ] --START--
INFO: [ template_filter ] --START--
INFO: Run Behavior\ContentReplaceBehavior [ RunTime:0.000099s ]
INFO: [ template_filter ] --END-- [ RunTime:0.000173s ]
INFO: Run Behavior\ParseTemplateBehavior [ RunTime:0.036267s ]
INFO: [ view_parse ] --END-- [ RunTime:0.036315s ]
INFO: [ view_filter ] --START--
INFO: Run Behavior\WriteHtmlCacheBehavior [ RunTime:0.000283s ]
INFO: [ view_filter ] --END-- [ RunTime:0.000316s ]
INFO: [ app_end ] --START--
INFO: Run Behavior\ShowPageTraceBehavior [ RunTime:0.000670s ]
INFO: [ app_end ] --END-- [ RunTime:0.000708s ]

[ 2017-03-10T15:11:44+08:00 ] ::1 /personalWebsite/index.php/Home/Index/broadcast
INFO: [ app_init ] --START--
INFO: Run Behavior\BuildLiteBehavior [ RunTime:0.000016s ]
INFO: [ app_init ] --END-- [ RunTime:0.000489s ]
INFO: [ app_begin ] --START--
INFO: Run Behavior\ReadHtmlCacheBehavior [ RunTime:0.000885s ]
INFO: [ app_begin ] --END-- [ RunTime:0.001003s ]
SQL: SHOW COLUMNS FROM `cast_one` [ RunTime:0.0030s ]
SQL: SELECT * FROM `cast_one`  [ RunTime:0.0002s ]

[ 2017-03-10T15:11:45+08:00 ] ::1 /personalWebsite/index.php/Home/Personnote/personalNote.html
INFO: [ app_init ] --START--
INFO: Run Behavior\BuildLiteBehavior [ RunTime:0.000009s ]
INFO: [ app_init ] --END-- [ RunTime:0.000248s ]
INFO: [ app_begin ] --START--
INFO: Run Behavior\ReadHtmlCacheBehavior [ RunTime:0.000619s ]
INFO: [ app_begin ] --END-- [ RunTime:0.000674s ]
INFO: [ view_parse ] --START--
INFO: [ template_filter ] --START--
INFO: Run Behavior\ContentReplaceBehavior [ RunTime:0.000071s ]
INFO: [ template_filter ] --END-- [ RunTime:0.000129s ]
INFO: Run Behavior\ParseTemplateBehavior [ RunTime:0.037387s ]
INFO: [ view_parse ] --END-- [ RunTime:0.037447s ]
INFO: [ view_filter ] --START--
INFO: Run Behavior\WriteHtmlCacheBehavior [ RunTime:0.000310s ]
INFO: [ view_filter ] --END-- [ RunTime:0.000343s ]
INFO: [ app_end ] --START--
INFO: Run Behavior\ShowPageTraceBehavior [ RunTime:0.000551s ]
INFO: [ app_end ] --END-- [ RunTime:0.000603s ]

[ 2017-03-10T15:11:45+08:00 ] ::1 /personalWebsite/index.php/Home/Index/broadcast
INFO: [ app_init ] --START--
INFO: Run Behavior\BuildLiteBehavior [ RunTime:0.000013s ]
INFO: [ app_init ] --END-- [ RunTime:0.000345s ]
INFO: [ app_begin ] --START--
INFO: Run Behavior\ReadHtmlCacheBehavior [ RunTime:0.000532s ]
INFO: [ app_begin ] --END-- [ RunTime:0.000584s ]
SQL: SHOW COLUMNS FROM `cast_one` [ RunTime:0.0126s ]
SQL: SELECT * FROM `cast_one`  [ RunTime:0.0002s ]

[ 2017-03-10T15:11:48+08:00 ] ::1 /personalWebsite/index.php/Home/Frotend/frotend.html
INFO: [ app_init ] --START--
INFO: Run Behavior\BuildLiteBehavior [ RunTime:0.000009s ]
INFO: [ app_init ] --END-- [ RunTime:0.000249s ]
INFO: [ app_begin ] --START--
INFO: Run Behavior\ReadHtmlCacheBehavior [ RunTime:0.000393s ]
INFO: [ app_begin ] --END-- [ RunTime:0.000433s ]
SQL: SHOW COLUMNS FROM `art` [ RunTime:0.0034s ]
SQL: SELECT * FROM `art` left join photo on photo.art_id = art.art_id left join comment on comment.art_id = art.art_id  WHERE ( art_cataogaries='前端开发' and photo_id = 1 ) ORDER BY art_time desc  [ RunTime:0.0025s ]
INFO: [ view_parse ] --START--
INFO: [ template_filter ] --START--
INFO: Run Behavior\ContentReplaceBehavior [ RunTime:0.000055s ]
INFO: [ template_filter ] --END-- [ RunTime:0.000094s ]
INFO: Run Behavior\ParseTemplateBehavior [ RunTime:0.012341s ]
INFO: [ view_parse ] --END-- [ RunTime:0.012383s ]
INFO: [ view_filter ] --START--
INFO: Run Behavior\WriteHtmlCacheBehavior [ RunTime:0.000282s ]
INFO: [ view_filter ] --END-- [ RunTime:0.000314s ]
INFO: [ app_end ] --START--
INFO: Run Behavior\ShowPageTraceBehavior [ RunTime:0.000625s ]
INFO: [ app_end ] --END-- [ RunTime:0.000661s ]

[ 2017-03-10T15:11:48+08:00 ] ::1 /personalWebsite/index.php/Home/Index/broadcast
INFO: [ app_init ] --START--
INFO: Run Behavior\BuildLiteBehavior [ RunTime:0.000018s ]
INFO: [ app_init ] --END-- [ RunTime:0.000447s ]
INFO: [ app_begin ] --START--
INFO: Run Behavior\ReadHtmlCacheBehavior [ RunTime:0.000557s ]
INFO: [ app_begin ] --END-- [ RunTime:0.000641s ]
SQL: SHOW COLUMNS FROM `cast_one` [ RunTime:0.0028s ]
SQL: SELECT * FROM `cast_one`  [ RunTime:0.0001s ]

[ 2017-03-10T15:11:49+08:00 ] ::1 /personalWebsite/index.php/Home/Index/index.html
INFO: [ app_init ] --START--
INFO: Run Behavior\BuildLiteBehavior [ RunTime:0.000010s ]
INFO: [ app_init ] --END-- [ RunTime:0.000249s ]
INFO: [ app_begin ] --START--
INFO: Run Behavior\ReadHtmlCacheBehavior [ RunTime:0.000414s ]
INFO: [ app_begin ] --END-- [ RunTime:0.000454s ]
SQL: SHOW COLUMNS FROM `art` [ RunTime:0.0039s ]
SQL: SELECT `art_id`,`art_read`,`art_zan`,`art_title` FROM `art` WHERE ( UNIX_TIMESTAMP(art_time) > 1488525109 and UNIX_TIMESTAMP(art_time) < 1489129909 ) ORDER BY art_read desc LIMIT 0,5   [ RunTime:0.0002s ]
SQL: SELECT * FROM `art` left join photo on photo.art_id = art.art_id left join comment on comment.art_id = art.art_id  WHERE ( photo_id = 1 ) ORDER BY art_time desc  [ RunTime:0.0025s ]
INFO: [ view_parse ] --START--
INFO: [ template_filter ] --START--
INFO: Run Behavior\ContentReplaceBehavior [ RunTime:0.000066s ]
INFO: [ template_filter ] --END-- [ RunTime:0.000102s ]
INFO: Run Behavior\ParseTemplateBehavior [ RunTime:0.015358s ]
INFO: [ view_parse ] --END-- [ RunTime:0.015404s ]
INFO: [ view_filter ] --START--
INFO: Run Behavior\WriteHtmlCacheBehavior [ RunTime:0.000283s ]
INFO: [ view_filter ] --END-- [ RunTime:0.000315s ]
INFO: [ app_end ] --START--
INFO: Run Behavior\ShowPageTraceBehavior [ RunTime:0.000609s ]
INFO: [ app_end ] --END-- [ RunTime:0.000660s ]

[ 2017-03-10T15:11:49+08:00 ] ::1 /personalWebsite/index.php/Home/Index/broadcast
INFO: [ app_init ] --START--
INFO: Run Behavior\BuildLiteBehavior [ RunTime:0.000014s ]
INFO: [ app_init ] --END-- [ RunTime:0.000471s ]
INFO: [ app_begin ] --START--
INFO: Run Behavior\ReadHtmlCacheBehavior [ RunTime:0.000501s ]
INFO: [ app_begin ] --END-- [ RunTime:0.000549s ]
SQL: SHOW COLUMNS FROM `cast_one` [ RunTime:0.0039s ]
SQL: SELECT * FROM `cast_one`  [ RunTime:0.0002s ]

[ 2017-03-10T15:11:54+08:00 ] ::1 /personalWebsite/index.php/Home/article/article/page/1
INFO: [ app_init ] --START--
INFO: Run Behavior\BuildLiteBehavior [ RunTime:0.000026s ]
INFO: [ app_init ] --END-- [ RunTime:0.000346s ]
INFO: [ app_begin ] --START--
INFO: Run Behavior\ReadHtmlCacheBehavior [ RunTime:0.000432s ]
INFO: [ app_begin ] --END-- [ RunTime:0.000481s ]
SQL: SHOW COLUMNS FROM `art` [ RunTime:0.0035s ]
SQL: SELECT * FROM `art` WHERE ( art_id=1 ) LIMIT 1   [ RunTime:0.0003s ]
INFO: [ view_parse ] --START--
INFO: [ template_filter ] --START--
INFO: Run Behavior\ContentReplaceBehavior [ RunTime:0.000094s ]
INFO: [ template_filter ] --END-- [ RunTime:0.000182s ]
NOTIC: [8] Undefined index: comment D:\xampp\htdocs\personalWebsite\Runtime\Cache\Home\590e9d3d1e6fd62ed8fa5111854ac312.php 第 57 行.
INFO: Run Behavior\ParseTemplateBehavior [ RunTime:0.017635s ]
INFO: [ view_parse ] --END-- [ RunTime:0.017684s ]
INFO: [ view_filter ] --START--
INFO: Run Behavior\WriteHtmlCacheBehavior [ RunTime:0.000365s ]
INFO: [ view_filter ] --END-- [ RunTime:0.000403s ]
INFO: [ app_end ] --START--
INFO: Run Behavior\ShowPageTraceBehavior [ RunTime:0.000526s ]
INFO: [ app_end ] --END-- [ RunTime:0.000572s ]

[ 2017-03-10T15:11:54+08:00 ] ::1 /personalWebsite/index.php/Home/Article/comment?page=1
INFO: [ app_init ] --START--
INFO: Run Behavior\BuildLiteBehavior [ RunTime:0.000024s ]
INFO: [ app_init ] --END-- [ RunTime:0.000477s ]
INFO: [ app_begin ] --START--
INFO: Run Behavior\ReadHtmlCacheBehavior [ RunTime:0.000475s ]
INFO: [ app_begin ] --END-- [ RunTime:0.000559s ]
SQL: SHOW COLUMNS FROM `comment` [ RunTime:0.0039s ]
SQL: SELECT * FROM `comment` WHERE ( art_id=1 )  [ RunTime:0.0002s ]

[ 2017-03-10T15:14:44+08:00 ] ::1 /personalWebsite/index.php/Home/Index/index.html
INFO: [ app_init ] --START--
INFO: Run Behavior\BuildLiteBehavior [ RunTime:0.000016s ]
INFO: [ app_init ] --END-- [ RunTime:0.000387s ]
INFO: [ app_begin ] --START--
INFO: Run Behavior\ReadHtmlCacheBehavior [ RunTime:0.000723s ]
INFO: [ app_begin ] --END-- [ RunTime:0.000827s ]
SQL: SHOW COLUMNS FROM `art` [ RunTime:0.0038s ]
SQL: SELECT `art_id`,`art_read`,`art_zan`,`art_title` FROM `art` WHERE ( UNIX_TIMESTAMP(art_time) > 1488525284 and UNIX_TIMESTAMP(art_time) < 1489130084 ) ORDER BY art_read desc LIMIT 0,5   [ RunTime:0.0003s ]
SQL: SELECT COUNT(*) AS tp_count FROM `art` LIMIT 1   [ RunTime:0.0001s ]

[ 2017-03-10T15:14:47+08:00 ] ::1 /personalWebsite/index.php/Home/Index/index.html
INFO: [ app_init ] --START--
INFO: Run Behavior\BuildLiteBehavior [ RunTime:0.000009s ]
INFO: [ app_init ] --END-- [ RunTime:0.000251s ]
INFO: [ app_begin ] --START--
INFO: Run Behavior\ReadHtmlCacheBehavior [ RunTime:0.000395s ]
INFO: [ app_begin ] --END-- [ RunTime:0.000435s ]
SQL: SHOW COLUMNS FROM `art` [ RunTime:0.0031s ]
SQL: SELECT `art_id`,`art_read`,`art_zan`,`art_title` FROM `art` WHERE ( UNIX_TIMESTAMP(art_time) > 1488525287 and UNIX_TIMESTAMP(art_time) < 1489130087 ) ORDER BY art_read desc LIMIT 0,5   [ RunTime:0.0003s ]
SQL: SELECT COUNT(*) AS tp_count FROM `art` LIMIT 1   [ RunTime:0.0002s ]

[ 2017-03-10T15:15:12+08:00 ] ::1 /personalWebsite/index.php/Home/Index/index.html
INFO: [ app_init ] --START--
INFO: Run Behavior\BuildLiteBehavior [ RunTime:0.000009s ]
INFO: [ app_init ] --END-- [ RunTime:0.000272s ]
INFO: [ app_begin ] --START--
INFO: Run Behavior\ReadHtmlCacheBehavior [ RunTime:0.000437s ]
INFO: [ app_begin ] --END-- [ RunTime:0.000478s ]
SQL: SHOW COLUMNS FROM `art` [ RunTime:0.0028s ]
SQL: SELECT `art_id`,`art_read`,`art_zan`,`art_title` FROM `art` WHERE ( UNIX_TIMESTAMP(art_time) > 1488525312 and UNIX_TIMESTAMP(art_time) < 1489130112 ) ORDER BY art_read desc LIMIT 0,5   [ RunTime:0.0002s ]
SQL: SELECT COUNT(*) AS tp_count FROM `art` left join photo on photo.art_id = art.art_id left join comment on comment.art_id = art.art_id  WHERE ( photo_id = 1 ) ORDER BY art_time desc LIMIT 1   [ RunTime:0.0003s ]

[ 2017-03-10T15:15:18+08:00 ] ::1 /personalWebsite/index.php/Home/Index/index.html
INFO: [ app_init ] --START--
INFO: Run Behavior\BuildLiteBehavior [ RunTime:0.000010s ]
INFO: [ app_init ] --END-- [ RunTime:0.000269s ]
INFO: [ app_begin ] --START--
INFO: Run Behavior\ReadHtmlCacheBehavior [ RunTime:0.000381s ]
INFO: [ app_begin ] --END-- [ RunTime:0.000425s ]
SQL: SHOW COLUMNS FROM `art` [ RunTime:0.0036s ]
SQL: SELECT `art_id`,`art_read`,`art_zan`,`art_title` FROM `art` WHERE ( UNIX_TIMESTAMP(art_time) > 1488525318 and UNIX_TIMESTAMP(art_time) < 1489130118 ) ORDER BY art_read desc LIMIT 0,5   [ RunTime:0.0002s ]
SQL: SELECT * FROM `art` left join photo on photo.art_id = art.art_id left join comment on comment.art_id = art.art_id  WHERE ( photo_id = 1 ) ORDER BY art_time desc  [ RunTime:0.0026s ]
INFO: [ view_parse ] --START--
INFO: [ template_filter ] --START--
INFO: Run Behavior\ContentReplaceBehavior [ RunTime:0.000067s ]
INFO: [ template_filter ] --END-- [ RunTime:0.000111s ]
INFO: Run Behavior\ParseTemplateBehavior [ RunTime:0.016713s ]
INFO: [ view_parse ] --END-- [ RunTime:0.016759s ]
INFO: [ view_filter ] --START--
INFO: Run Behavior\WriteHtmlCacheBehavior [ RunTime:0.000228s ]
INFO: [ view_filter ] --END-- [ RunTime:0.000273s ]
INFO: [ app_end ] --START--
INFO: Run Behavior\ShowPageTraceBehavior [ RunTime:0.000528s ]
INFO: [ app_end ] --END-- [ RunTime:0.000564s ]

[ 2017-03-10T15:15:18+08:00 ] ::1 /personalWebsite/index.php/Home/Index/broadcast
INFO: [ app_init ] --START--
INFO: Run Behavior\BuildLiteBehavior [ RunTime:0.000010s ]
INFO: [ app_init ] --END-- [ RunTime:0.000308s ]
INFO: [ app_begin ] --START--
INFO: Run Behavior\ReadHtmlCacheBehavior [ RunTime:0.000369s ]
INFO: [ app_begin ] --END-- [ RunTime:0.000418s ]
SQL: SHOW COLUMNS FROM `cast_one` [ RunTime:0.0037s ]
SQL: SELECT * FROM `cast_one`  [ RunTime:0.0003s ]

[ 2017-03-10T15:16:20+08:00 ] ::1 /personalWebsite/index.php/Home/Index/index.html
INFO: [ app_init ] --START--
INFO: Run Behavior\BuildLiteBehavior [ RunTime:0.000008s ]
INFO: [ app_init ] --END-- [ RunTime:0.000255s ]
INFO: [ app_begin ] --START--
INFO: Run Behavior\ReadHtmlCacheBehavior [ RunTime:0.000488s ]
INFO: [ app_begin ] --END-- [ RunTime:0.000530s ]
SQL: SHOW COLUMNS FROM `art` [ RunTime:0.0027s ]
SQL: SELECT `art_id`,`art_read`,`art_zan`,`art_title` FROM `art` WHERE ( UNIX_TIMESTAMP(art_time) > 1488525380 and UNIX_TIMESTAMP(art_time) < 1489130180 ) ORDER BY art_read desc LIMIT 0,5   [ RunTime:0.0003s ]
SQL: SELECT * FROM `art` left join photo on photo.art_id = art.art_id left join comment on comment.art_id = art.art_id  WHERE ( photo_id = 1 ) ORDER BY art_time desc  [ RunTime:0.0029s ]
INFO: [ view_parse ] --START--
INFO: [ template_filter ] --START--
INFO: Run Behavior\ContentReplaceBehavior [ RunTime:0.000067s ]
INFO: [ template_filter ] --END-- [ RunTime:0.000112s ]
INFO: Run Behavior\ParseTemplateBehavior [ RunTime:0.016261s ]
INFO: [ view_parse ] --END-- [ RunTime:0.016304s ]
INFO: [ view_filter ] --START--
INFO: Run Behavior\WriteHtmlCacheBehavior [ RunTime:0.000296s ]
INFO: [ view_filter ] --END-- [ RunTime:0.000330s ]
INFO: [ app_end ] --START--
INFO: Run Behavior\ShowPageTraceBehavior [ RunTime:0.000622s ]
INFO: [ app_end ] --END-- [ RunTime:0.000661s ]

[ 2017-03-10T15:16:20+08:00 ] ::1 /personalWebsite/index.php/Home/Index/broadcast
INFO: [ app_init ] --START--
INFO: Run Behavior\BuildLiteBehavior [ RunTime:0.000034s ]
INFO: [ app_init ] --END-- [ RunTime:0.000542s ]
INFO: [ app_begin ] --START--
INFO: Run Behavior\ReadHtmlCacheBehavior [ RunTime:0.000925s ]
INFO: [ app_begin ] --END-- [ RunTime:0.001022s ]
SQL: SHOW COLUMNS FROM `cast_one` [ RunTime:0.0046s ]
SQL: SELECT * FROM `cast_one`  [ RunTime:0.0004s ]

[ 2017-03-10T15:17:25+08:00 ] ::1 /personalWebsite/index.php/Home/Index/index.html
INFO: [ app_init ] --START--
INFO: Run Behavior\BuildLiteBehavior [ RunTime:0.000019s ]
INFO: [ app_init ] --END-- [ RunTime:0.000444s ]
INFO: [ app_begin ] --START--
INFO: Run Behavior\ReadHtmlCacheBehavior [ RunTime:0.000545s ]
INFO: [ app_begin ] --END-- [ RunTime:0.000592s ]
SQL: SHOW COLUMNS FROM `art` [ RunTime:0.0035s ]
SQL: SELECT `art_id`,`art_read`,`art_zan`,`art_title` FROM `art` WHERE ( UNIX_TIMESTAMP(art_time) > 1488525445 and UNIX_TIMESTAMP(art_time) < 1489130245 ) ORDER BY art_read desc LIMIT 0,5   [ RunTime:0.0003s ]
ERR: 1064:You have an error in your SQL syntax; check the manual that corresponds to your MySQL server version for the right syntax to use near ')  WHERE ( photo_id = 1 ) ORDER BY art_time desc' at line 1
 [ SQL语句 ] : SELECT * FROM `art` left join photo on photo.art_id = art.art_id left join comment on comment.art_id = art.art_id and count()  WHERE ( photo_id = 1 ) ORDER BY art_time desc 
ERR: 1064:You have an error in your SQL syntax; check the manual that corresponds to your MySQL server version for the right syntax to use near ')  WHERE ( photo_id = 1 ) ORDER BY art_time desc' at line 1
 [ SQL语句 ] : SELECT * FROM `art` left join photo on photo.art_id = art.art_id left join comment on comment.art_id = art.art_id and count()  WHERE ( photo_id = 1 ) ORDER BY art_time desc 

[ 2017-03-10T15:17:33+08:00 ] ::1 /personalWebsite/index.php/Home/Index/index.html
INFO: [ app_init ] --START--
INFO: Run Behavior\BuildLiteBehavior [ RunTime:0.000028s ]
INFO: [ app_init ] --END-- [ RunTime:0.000480s ]
INFO: [ app_begin ] --START--
INFO: Run Behavior\ReadHtmlCacheBehavior [ RunTime:0.000454s ]
INFO: [ app_begin ] --END-- [ RunTime:0.000505s ]
SQL: SHOW COLUMNS FROM `art` [ RunTime:0.0033s ]
SQL: SELECT `art_id`,`art_read`,`art_zan`,`art_title` FROM `art` WHERE ( UNIX_TIMESTAMP(art_time) > 1488525453 and UNIX_TIMESTAMP(art_time) < 1489130253 ) ORDER BY art_read desc LIMIT 0,5   [ RunTime:0.0002s ]
SQL: SELECT * FROM `art` left join photo on photo.art_id = art.art_id left join comment on comment.art_id = art.art_id  WHERE ( photo_id = 1 ) ORDER BY art_time desc  [ RunTime:0.0024s ]
INFO: [ view_parse ] --START--
INFO: [ template_filter ] --START--
INFO: Run Behavior\ContentReplaceBehavior [ RunTime:0.000070s ]
INFO: [ template_filter ] --END-- [ RunTime:0.000115s ]
INFO: Run Behavior\ParseTemplateBehavior [ RunTime:0.032938s ]
INFO: [ view_parse ] --END-- [ RunTime:0.032980s ]
INFO: [ view_filter ] --START--
INFO: Run Behavior\WriteHtmlCacheBehavior [ RunTime:0.000327s ]
INFO: [ view_filter ] --END-- [ RunTime:0.000361s ]
INFO: [ app_end ] --START--
INFO: Run Behavior\ShowPageTraceBehavior [ RunTime:0.000645s ]
INFO: [ app_end ] --END-- [ RunTime:0.000684s ]

[ 2017-03-10T15:17:33+08:00 ] ::1 /personalWebsite/index.php/Home/Index/broadcast
INFO: [ app_init ] --START--
INFO: Run Behavior\BuildLiteBehavior [ RunTime:0.000018s ]
INFO: [ app_init ] --END-- [ RunTime:0.000439s ]
INFO: [ app_begin ] --START--
INFO: Run Behavior\ReadHtmlCacheBehavior [ RunTime:0.001337s ]
INFO: [ app_begin ] --END-- [ RunTime:0.001482s ]
SQL: SHOW COLUMNS FROM `cast_one` [ RunTime:0.0060s ]
SQL: SELECT * FROM `cast_one`  [ RunTime:0.0002s ]

[ 2017-03-10T15:24:28+08:00 ] ::1 /personalWebsite/index.php/Home/Index/index.html
INFO: [ app_init ] --START--
INFO: Run Behavior\BuildLiteBehavior [ RunTime:0.000011s ]
INFO: [ app_init ] --END-- [ RunTime:0.000315s ]
INFO: [ app_begin ] --START--
INFO: Run Behavior\ReadHtmlCacheBehavior [ RunTime:0.000445s ]
INFO: [ app_begin ] --END-- [ RunTime:0.000515s ]
SQL: SHOW COLUMNS FROM `art` [ RunTime:0.0026s ]
SQL: SELECT `art_id`,`art_read`,`art_zan`,`art_title` FROM `art` WHERE ( UNIX_TIMESTAMP(art_time) > 1488525868 and UNIX_TIMESTAMP(art_time) < 1489130668 ) ORDER BY art_read desc LIMIT 0,5   [ RunTime:0.0003s ]
SQL: SELECT count("com_id") FROM `art` left join photo on photo.art_id = art.art_id left join comment on comment.art_id = art.art_id  WHERE ( photo_id = 1 ) ORDER BY art_time desc  [ RunTime:0.0003s ]
INFO: [ view_parse ] --START--
INFO: [ template_filter ] --START--
INFO: Run Behavior\ContentReplaceBehavior [ RunTime:0.000064s ]
INFO: [ template_filter ] --END-- [ RunTime:0.000117s ]
NOTIC: [8] Undefined index: art_cataogaries D:\xampp\htdocs\personalWebsite\Runtime\Cache\Home\2f412aae274b751dca883838bf7e7502.php 第 158 行.
NOTIC: [8] Undefined index: art_id D:\xampp\htdocs\personalWebsite\Runtime\Cache\Home\2f412aae274b751dca883838bf7e7502.php 第 162 行.
NOTIC: [8] Undefined index: art_title D:\xampp\htdocs\personalWebsite\Runtime\Cache\Home\2f412aae274b751dca883838bf7e7502.php 第 162 行.
NOTIC: [8] Undefined index: art_author D:\xampp\htdocs\personalWebsite\Runtime\Cache\Home\2f412aae274b751dca883838bf7e7502.php 第 165 行.
NOTIC: [8] Undefined index: art_time D:\xampp\htdocs\personalWebsite\Runtime\Cache\Home\2f412aae274b751dca883838bf7e7502.php 第 165 行.
NOTIC: [8] Undefined index: photohref D:\xampp\htdocs\personalWebsite\Runtime\Cache\Home\2f412aae274b751dca883838bf7e7502.php 第 166 行.
NOTIC: [8] Undefined index: art_content D:\xampp\htdocs\personalWebsite\Runtime\Cache\Home\2f412aae274b751dca883838bf7e7502.php 第 174 行.
NOTIC: [8] Undefined index: art_id D:\xampp\htdocs\personalWebsite\Runtime\Cache\Home\2f412aae274b751dca883838bf7e7502.php 第 177 行.
NOTIC: [8] Undefined index: art_read D:\xampp\htdocs\personalWebsite\Runtime\Cache\Home\2f412aae274b751dca883838bf7e7502.php 第 178 行.
NOTIC: [8] Undefined index: art_id D:\xampp\htdocs\personalWebsite\Runtime\Cache\Home\2f412aae274b751dca883838bf7e7502.php 第 180 行.
NOTIC: [8] Undefined index: comment D:\xampp\htdocs\personalWebsite\Runtime\Cache\Home\2f412aae274b751dca883838bf7e7502.php 第 181 行.
NOTIC: [8] Undefined index: art_id D:\xampp\htdocs\personalWebsite\Runtime\Cache\Home\2f412aae274b751dca883838bf7e7502.php 第 183 行.
NOTIC: [8] Undefined index: art_zan D:\xampp\htdocs\personalWebsite\Runtime\Cache\Home\2f412aae274b751dca883838bf7e7502.php 第 184 行.
INFO: Run Behavior\ParseTemplateBehavior [ RunTime:0.016287s ]
INFO: [ view_parse ] --END-- [ RunTime:0.016335s ]
INFO: [ view_filter ] --START--
INFO: Run Behavior\WriteHtmlCacheBehavior [ RunTime:0.000317s ]
INFO: [ view_filter ] --END-- [ RunTime:0.000348s ]
INFO: [ app_end ] --START--
INFO: Run Behavior\ShowPageTraceBehavior [ RunTime:0.000640s ]
INFO: [ app_end ] --END-- [ RunTime:0.000692s ]

[ 2017-03-10T15:24:28+08:00 ] ::1 /personalWebsite/index.php/Home/Index/broadcast
INFO: [ app_init ] --START--
INFO: Run Behavior\BuildLiteBehavior [ RunTime:0.000058s ]
INFO: [ app_init ] --END-- [ RunTime:0.000751s ]
INFO: [ app_begin ] --START--
INFO: Run Behavior\ReadHtmlCacheBehavior [ RunTime:0.000470s ]
INFO: [ app_begin ] --END-- [ RunTime:0.000518s ]
SQL: SHOW COLUMNS FROM `cast_one` [ RunTime:0.0032s ]
SQL: SELECT * FROM `cast_one`  [ RunTime:0.0003s ]

[ 2017-03-10T15:30:21+08:00 ] ::1 /personalWebsite/index.php/Home/Index/index.html
INFO: [ app_init ] --START--
INFO: Run Behavior\BuildLiteBehavior [ RunTime:0.000011s ]
INFO: [ app_init ] --END-- [ RunTime:0.000262s ]
INFO: [ app_begin ] --START--
INFO: Run Behavior\ReadHtmlCacheBehavior [ RunTime:0.000692s ]
INFO: [ app_begin ] --END-- [ RunTime:0.000776s ]

[ 2017-03-10T15:30:30+08:00 ] ::1 /personalWebsite/index.php/Home/Index/index.html
INFO: [ app_init ] --START--
INFO: Run Behavior\BuildLiteBehavior [ RunTime:0.000011s ]
INFO: [ app_init ] --END-- [ RunTime:0.000390s ]
INFO: [ app_begin ] --START--
INFO: Run Behavior\ReadHtmlCacheBehavior [ RunTime:0.000543s ]
INFO: [ app_begin ] --END-- [ RunTime:0.000602s ]
SQL: SHOW COLUMNS FROM `art` [ RunTime:0.0027s ]
SQL: SELECT `art_id`,`art_read`,`art_zan`,`art_title` FROM `art` WHERE ( UNIX_TIMESTAMP(art_time) > 1488526230 and UNIX_TIMESTAMP(art_time) < 1489131030 ) ORDER BY art_read desc LIMIT 0,5   [ RunTime:0.0003s ]
SQL: SELECT COUNT(distinct com_id) AS tp_count FROM `art` left join photo on photo.art_id = art.art_id left join comment on comment.art_id = art.art_id  WHERE ( photo_id = 1 ) LIMIT 1   [ RunTime:0.0003s ]

[ 2017-03-10T15:30:31+08:00 ] ::1 /personalWebsite/index.php/Home/Index/index.html
INFO: [ app_init ] --START--
INFO: Run Behavior\BuildLiteBehavior [ RunTime:0.000009s ]
INFO: [ app_init ] --END-- [ RunTime:0.000256s ]
INFO: [ app_begin ] --START--
INFO: Run Behavior\ReadHtmlCacheBehavior [ RunTime:0.000423s ]
INFO: [ app_begin ] --END-- [ RunTime:0.000464s ]
SQL: SHOW COLUMNS FROM `art` [ RunTime:0.0035s ]
SQL: SELECT `art_id`,`art_read`,`art_zan`,`art_title` FROM `art` WHERE ( UNIX_TIMESTAMP(art_time) > 1488526231 and UNIX_TIMESTAMP(art_time) < 1489131031 ) ORDER BY art_read desc LIMIT 0,5   [ RunTime:0.0005s ]
SQL: SELECT COUNT(distinct com_id) AS tp_count FROM `art` left join photo on photo.art_id = art.art_id left join comment on comment.art_id = art.art_id  WHERE ( photo_id = 1 ) LIMIT 1   [ RunTime:0.0004s ]

[ 2017-03-10T15:30:32+08:00 ] ::1 /personalWebsite/index.php/Home/Index/index.html
INFO: [ app_init ] --START--
INFO: Run Behavior\BuildLiteBehavior [ RunTime:0.000010s ]
INFO: [ app_init ] --END-- [ RunTime:0.000252s ]
INFO: [ app_begin ] --START--
INFO: Run Behavior\ReadHtmlCacheBehavior [ RunTime:0.000410s ]
INFO: [ app_begin ] --END-- [ RunTime:0.000450s ]
SQL: SHOW COLUMNS FROM `art` [ RunTime:0.0030s ]
SQL: SELECT `art_id`,`art_read`,`art_zan`,`art_title` FROM `art` WHERE ( UNIX_TIMESTAMP(art_time) > 1488526232 and UNIX_TIMESTAMP(art_time) < 1489131032 ) ORDER BY art_read desc LIMIT 0,5   [ RunTime:0.0002s ]
SQL: SELECT COUNT(distinct com_id) AS tp_count FROM `art` left join photo on photo.art_id = art.art_id left join comment on comment.art_id = art.art_id  WHERE ( photo_id = 1 ) LIMIT 1   [ RunTime:0.0002s ]

[ 2017-03-10T15:30:39+08:00 ] ::1 /personalWebsite/index.php/Home/Index/index.html
INFO: [ app_init ] --START--
INFO: Run Behavior\BuildLiteBehavior [ RunTime:0.000013s ]
INFO: [ app_init ] --END-- [ RunTime:0.000548s ]
INFO: [ app_begin ] --START--
INFO: Run Behavior\ReadHtmlCacheBehavior [ RunTime:0.000639s ]
INFO: [ app_begin ] --END-- [ RunTime:0.000690s ]
SQL: SHOW COLUMNS FROM `art` [ RunTime:0.0027s ]
SQL: SELECT `art_id`,`art_read`,`art_zan`,`art_title` FROM `art` WHERE ( UNIX_TIMESTAMP(art_time) > 1488526239 and UNIX_TIMESTAMP(art_time) < 1489131039 ) ORDER BY art_read desc LIMIT 0,5   [ RunTime:0.0002s ]
SQL: SELECT * FROM `art` left join photo on photo.art_id = art.art_id left join comment on comment.art_id = art.art_id  WHERE ( photo_id = 1 ) ORDER BY art_time desc  [ RunTime:0.0024s ]
INFO: [ view_parse ] --START--
INFO: [ template_filter ] --START--
INFO: Run Behavior\ContentReplaceBehavior [ RunTime:0.000095s ]
INFO: [ template_filter ] --END-- [ RunTime:0.000187s ]
INFO: Run Behavior\ParseTemplateBehavior [ RunTime:0.020433s ]
INFO: [ view_parse ] --END-- [ RunTime:0.020507s ]
INFO: [ view_filter ] --START--
INFO: Run Behavior\WriteHtmlCacheBehavior [ RunTime:0.000408s ]
INFO: [ view_filter ] --END-- [ RunTime:0.000469s ]
NOTIC: [2] Cannot modify header information - headers already sent by (output started at D:\xampp\htdocs\personalWebsite\Home\Controller\IndexController.class.php:19) D:\xampp\htdocs\ThinkPHP\Library\Think\View.class.php 第 91 行.
NOTIC: [2] Cannot modify header information - headers already sent by (output started at D:\xampp\htdocs\personalWebsite\Home\Controller\IndexController.class.php:19) D:\xampp\htdocs\ThinkPHP\Library\Think\View.class.php 第 92 行.
NOTIC: [2] Cannot modify header information - headers already sent by (output started at D:\xampp\htdocs\personalWebsite\Home\Controller\IndexController.class.php:19) D:\xampp\htdocs\ThinkPHP\Library\Think\View.class.php 第 93 行.
INFO: [ app_end ] --START--
INFO: Run Behavior\ShowPageTraceBehavior [ RunTime:0.000524s ]
INFO: [ app_end ] --END-- [ RunTime:0.000564s ]

[ 2017-03-10T15:30:39+08:00 ] ::1 /personalWebsite/index.php/Home/Index/broadcast
INFO: [ app_init ] --START--
INFO: Run Behavior\BuildLiteBehavior [ RunTime:0.000011s ]
INFO: [ app_init ] --END-- [ RunTime:0.000263s ]
INFO: [ app_begin ] --START--
INFO: Run Behavior\ReadHtmlCacheBehavior [ RunTime:0.000889s ]
INFO: [ app_begin ] --END-- [ RunTime:0.001021s ]
SQL: SHOW COLUMNS FROM `cast_one` [ RunTime:0.0041s ]
SQL: SELECT * FROM `cast_one`  [ RunTime:0.0003s ]

[ 2017-03-10T15:35:47+08:00 ] ::1 /personalWebsite/index.php/Home/Index/index.html
INFO: [ app_init ] --START--
INFO: Run Behavior\BuildLiteBehavior [ RunTime:0.000010s ]
INFO: [ app_init ] --END-- [ RunTime:0.000256s ]
INFO: [ app_begin ] --START--
INFO: Run Behavior\ReadHtmlCacheBehavior [ RunTime:0.000413s ]
INFO: [ app_begin ] --END-- [ RunTime:0.000454s ]
SQL: SHOW COLUMNS FROM `art` [ RunTime:0.0034s ]
SQL: SELECT `art_id`,`art_read`,`art_zan`,`art_title` FROM `art` WHERE ( UNIX_TIMESTAMP(art_time) > 1488526547 and UNIX_TIMESTAMP(art_time) < 1489131347 ) ORDER BY art_read desc LIMIT 0,5   [ RunTime:0.0003s ]
ERR: 1052:Column 'art_id' in group statement is ambiguous
 [ SQL语句 ] : SELECT count(com_id) FROM `art` left join photo on photo.art_id = art.art_id left join comment on comment.art_id = art.art_id  WHERE ( photo_id = 1 ) GROUP BY art_id ORDER BY art_time desc 
ERR: 1052:Column 'art_id' in group statement is ambiguous
 [ SQL语句 ] : SELECT count(com_id) FROM `art` left join photo on photo.art_id = art.art_id left join comment on comment.art_id = art.art_id  WHERE ( photo_id = 1 ) GROUP BY art_id ORDER BY art_time desc 

[ 2017-03-10T15:35:56+08:00 ] ::1 /personalWebsite/index.php/Home/Index/index.html
INFO: [ app_init ] --START--
INFO: Run Behavior\BuildLiteBehavior [ RunTime:0.000010s ]
INFO: [ app_init ] --END-- [ RunTime:0.000272s ]
INFO: [ app_begin ] --START--
INFO: Run Behavior\ReadHtmlCacheBehavior [ RunTime:0.000413s ]
INFO: [ app_begin ] --END-- [ RunTime:0.000453s ]
SQL: SHOW COLUMNS FROM `art` [ RunTime:0.0030s ]
SQL: SELECT `art_id`,`art_read`,`art_zan`,`art_title` FROM `art` WHERE ( UNIX_TIMESTAMP(art_time) > 1488526556 and UNIX_TIMESTAMP(art_time) < 1489131356 ) ORDER BY art_read desc LIMIT 0,5   [ RunTime:0.0007s ]
ERR: 1052:Column 'art_id' in group statement is ambiguous
 [ SQL语句 ] : SELECT count(com_id) FROM `art` left join photo on photo.art_id = art.art_id left join comment on comment.art_id = art.art_id  WHERE ( photo_id = 1 ) GROUP BY art_id 
ERR: 1052:Column 'art_id' in group statement is ambiguous
 [ SQL语句 ] : SELECT count(com_id) FROM `art` left join photo on photo.art_id = art.art_id left join comment on comment.art_id = art.art_id  WHERE ( photo_id = 1 ) GROUP BY art_id 

[ 2017-03-10T15:36:09+08:00 ] ::1 /personalWebsite/index.php/Home/Index/index.html
INFO: [ app_init ] --START--
INFO: Run Behavior\BuildLiteBehavior [ RunTime:0.000010s ]
INFO: [ app_init ] --END-- [ RunTime:0.000248s ]
INFO: [ app_begin ] --START--
INFO: Run Behavior\ReadHtmlCacheBehavior [ RunTime:0.000409s ]
INFO: [ app_begin ] --END-- [ RunTime:0.000450s ]
SQL: SHOW COLUMNS FROM `art` [ RunTime:0.0028s ]
SQL: SELECT `art_id`,`art_read`,`art_zan`,`art_title` FROM `art` WHERE ( UNIX_TIMESTAMP(art_time) > 1488526569 and UNIX_TIMESTAMP(art_time) < 1489131369 ) ORDER BY art_read desc LIMIT 0,5   [ RunTime:0.0002s ]
SQL: SELECT count(com_id) FROM `art` left join photo on photo.art_id = art.art_id left join comment on comment.art_id = art.art_id  WHERE ( photo_id = 1 ) ORDER BY art_time desc  [ RunTime:0.0004s ]
INFO: [ view_parse ] --START--
INFO: [ template_filter ] --START--
INFO: Run Behavior\ContentReplaceBehavior [ RunTime:0.000062s ]
INFO: [ template_filter ] --END-- [ RunTime:0.000100s ]
NOTIC: [8] Undefined index: art_cataogaries D:\xampp\htdocs\personalWebsite\Runtime\Cache\Home\2f412aae274b751dca883838bf7e7502.php 第 158 行.
NOTIC: [8] Undefined index: art_id D:\xampp\htdocs\personalWebsite\Runtime\Cache\Home\2f412aae274b751dca883838bf7e7502.php 第 162 行.
NOTIC: [8] Undefined index: art_title D:\xampp\htdocs\personalWebsite\Runtime\Cache\Home\2f412aae274b751dca883838bf7e7502.php 第 162 行.
NOTIC: [8] Undefined index: art_author D:\xampp\htdocs\personalWebsite\Runtime\Cache\Home\2f412aae274b751dca883838bf7e7502.php 第 165 行.
NOTIC: [8] Undefined index: art_time D:\xampp\htdocs\personalWebsite\Runtime\Cache\Home\2f412aae274b751dca883838bf7e7502.php 第 165 行.
NOTIC: [8] Undefined index: photohref D:\xampp\htdocs\personalWebsite\Runtime\Cache\Home\2f412aae274b751dca883838bf7e7502.php 第 166 行.
NOTIC: [8] Undefined index: art_content D:\xampp\htdocs\personalWebsite\Runtime\Cache\Home\2f412aae274b751dca883838bf7e7502.php 第 174 行.
NOTIC: [8] Undefined index: art_id D:\xampp\htdocs\personalWebsite\Runtime\Cache\Home\2f412aae274b751dca883838bf7e7502.php 第 177 行.
NOTIC: [8] Undefined index: art_read D:\xampp\htdocs\personalWebsite\Runtime\Cache\Home\2f412aae274b751dca883838bf7e7502.php 第 178 行.
NOTIC: [8] Undefined index: art_id D:\xampp\htdocs\personalWebsite\Runtime\Cache\Home\2f412aae274b751dca883838bf7e7502.php 第 180 行.
NOTIC: [8] Undefined index: comment D:\xampp\htdocs\personalWebsite\Runtime\Cache\Home\2f412aae274b751dca883838bf7e7502.php 第 181 行.
NOTIC: [8] Undefined index: art_id D:\xampp\htdocs\personalWebsite\Runtime\Cache\Home\2f412aae274b751dca883838bf7e7502.php 第 183 行.
NOTIC: [8] Undefined index: art_zan D:\xampp\htdocs\personalWebsite\Runtime\Cache\Home\2f412aae274b751dca883838bf7e7502.php 第 184 行.
INFO: Run Behavior\ParseTemplateBehavior [ RunTime:0.017061s ]
INFO: [ view_parse ] --END-- [ RunTime:0.017133s ]
INFO: [ view_filter ] --START--
INFO: Run Behavior\WriteHtmlCacheBehavior [ RunTime:0.000358s ]
INFO: [ view_filter ] --END-- [ RunTime:0.000389s ]
INFO: [ app_end ] --START--
INFO: Run Behavior\ShowPageTraceBehavior [ RunTime:0.000594s ]
INFO: [ app_end ] --END-- [ RunTime:0.000632s ]

[ 2017-03-10T15:36:09+08:00 ] ::1 /personalWebsite/index.php/Home/Index/broadcast
INFO: [ app_init ] --START--
INFO: Run Behavior\BuildLiteBehavior [ RunTime:0.000041s ]
INFO: [ app_init ] --END-- [ RunTime:0.000680s ]
INFO: [ app_begin ] --START--
INFO: Run Behavior\ReadHtmlCacheBehavior [ RunTime:0.000485s ]
INFO: [ app_begin ] --END-- [ RunTime:0.000528s ]
SQL: SHOW COLUMNS FROM `cast_one` [ RunTime:0.0040s ]
SQL: SELECT * FROM `cast_one`  [ RunTime:0.0011s ]

[ 2017-03-10T15:36:30+08:00 ] ::1 /personalWebsite/index.php/Home/Index/index.html
INFO: [ app_init ] --START--
INFO: Run Behavior\BuildLiteBehavior [ RunTime:0.000009s ]
INFO: [ app_init ] --END-- [ RunTime:0.000285s ]
INFO: [ app_begin ] --START--
INFO: Run Behavior\ReadHtmlCacheBehavior [ RunTime:0.000417s ]
INFO: [ app_begin ] --END-- [ RunTime:0.000474s ]
SQL: SHOW COLUMNS FROM `art` [ RunTime:0.0028s ]
SQL: SELECT `art_id`,`art_read`,`art_zan`,`art_title` FROM `art` WHERE ( UNIX_TIMESTAMP(art_time) > 1488526590 and UNIX_TIMESTAMP(art_time) < 1489131390 ) ORDER BY art_read desc LIMIT 0,5   [ RunTime:0.0002s ]
ERR: 1052:Column 'art_id' in field list is ambiguous
 [ SQL语句 ] : SELECT `art_id`,count(com_id) FROM `art` left join photo on photo.art_id = art.art_id left join comment on comment.art_id = art.art_id  WHERE ( photo_id = 1 ) ORDER BY art_time desc 
ERR: 1052:Column 'art_id' in field list is ambiguous
 [ SQL语句 ] : SELECT `art_id`,count(com_id) FROM `art` left join photo on photo.art_id = art.art_id left join comment on comment.art_id = art.art_id  WHERE ( photo_id = 1 ) ORDER BY art_time desc 

[ 2017-03-10T15:36:55+08:00 ] ::1 /personalWebsite/index.php/Home/Index/index.html
INFO: [ app_init ] --START--
INFO: Run Behavior\BuildLiteBehavior [ RunTime:0.000013s ]
INFO: [ app_init ] --END-- [ RunTime:0.000295s ]
INFO: [ app_begin ] --START--
INFO: Run Behavior\ReadHtmlCacheBehavior [ RunTime:0.000421s ]
INFO: [ app_begin ] --END-- [ RunTime:0.000464s ]
SQL: SHOW COLUMNS FROM `art` [ RunTime:0.0031s ]
SQL: SELECT `art_id`,`art_read`,`art_zan`,`art_title` FROM `art` WHERE ( UNIX_TIMESTAMP(art_time) > 1488526615 and UNIX_TIMESTAMP(art_time) < 1489131415 ) ORDER BY art_read desc LIMIT 0,5   [ RunTime:0.0004s ]
ERR: 1052:Column 'art_id' in field list is ambiguous
 [ SQL语句 ] : SELECT `art_id`,count(com_id) FROM `art` left join photo on photo.art_id = art.art_id left join comment on comment.art_id = art.art_id  ORDER BY art_time desc 
ERR: 1052:Column 'art_id' in field list is ambiguous
 [ SQL语句 ] : SELECT `art_id`,count(com_id) FROM `art` left join photo on photo.art_id = art.art_id left join comment on comment.art_id = art.art_id  ORDER BY art_time desc 

[ 2017-03-10T15:37:06+08:00 ] ::1 /personalWebsite/index.php/Home/Index/index.html
INFO: [ app_init ] --START--
INFO: Run Behavior\BuildLiteBehavior [ RunTime:0.000011s ]
INFO: [ app_init ] --END-- [ RunTime:0.000253s ]
INFO: [ app_begin ] --START--
INFO: Run Behavior\ReadHtmlCacheBehavior [ RunTime:0.000622s ]
INFO: [ app_begin ] --END-- [ RunTime:0.000683s ]
SQL: SHOW COLUMNS FROM `art` [ RunTime:0.0031s ]
SQL: SELECT `art_id`,`art_read`,`art_zan`,`art_title` FROM `art` WHERE ( UNIX_TIMESTAMP(art_time) > 1488526626 and UNIX_TIMESTAMP(art_time) < 1489131426 ) ORDER BY art_read desc LIMIT 0,5   [ RunTime:0.0003s ]
SQL: SELECT count(com_id) FROM `art` left join photo on photo.art_id = art.art_id left join comment on comment.art_id = art.art_id  WHERE ( photo_id = 1 ) ORDER BY art_time desc  [ RunTime:0.0003s ]
INFO: [ view_parse ] --START--
INFO: [ template_filter ] --START--
INFO: Run Behavior\ContentReplaceBehavior [ RunTime:0.000063s ]
INFO: [ template_filter ] --END-- [ RunTime:0.000099s ]
NOTIC: [8] Undefined index: art_cataogaries D:\xampp\htdocs\personalWebsite\Runtime\Cache\Home\2f412aae274b751dca883838bf7e7502.php 第 158 行.
NOTIC: [8] Undefined index: art_id D:\xampp\htdocs\personalWebsite\Runtime\Cache\Home\2f412aae274b751dca883838bf7e7502.php 第 162 行.
NOTIC: [8] Undefined index: art_title D:\xampp\htdocs\personalWebsite\Runtime\Cache\Home\2f412aae274b751dca883838bf7e7502.php 第 162 行.
NOTIC: [8] Undefined index: art_author D:\xampp\htdocs\personalWebsite\Runtime\Cache\Home\2f412aae274b751dca883838bf7e7502.php 第 165 行.
NOTIC: [8] Undefined index: art_time D:\xampp\htdocs\personalWebsite\Runtime\Cache\Home\2f412aae274b751dca883838bf7e7502.php 第 165 行.
NOTIC: [8] Undefined index: photohref D:\xampp\htdocs\personalWebsite\Runtime\Cache\Home\2f412aae274b751dca883838bf7e7502.php 第 166 行.
NOTIC: [8] Undefined index: art_content D:\xampp\htdocs\personalWebsite\Runtime\Cache\Home\2f412aae274b751dca883838bf7e7502.php 第 174 行.
NOTIC: [8] Undefined index: art_id D:\xampp\htdocs\personalWebsite\Runtime\Cache\Home\2f412aae274b751dca883838bf7e7502.php 第 177 行.
NOTIC: [8] Undefined index: art_read D:\xampp\htdocs\personalWebsite\Runtime\Cache\Home\2f412aae274b751dca883838bf7e7502.php 第 178 行.
NOTIC: [8] Undefined index: art_id D:\xampp\htdocs\personalWebsite\Runtime\Cache\Home\2f412aae274b751dca883838bf7e7502.php 第 180 行.
NOTIC: [8] Undefined index: comment D:\xampp\htdocs\personalWebsite\Runtime\Cache\Home\2f412aae274b751dca883838bf7e7502.php 第 181 行.
NOTIC: [8] Undefined index: art_id D:\xampp\htdocs\personalWebsite\Runtime\Cache\Home\2f412aae274b751dca883838bf7e7502.php 第 183 行.
NOTIC: [8] Undefined index: art_zan D:\xampp\htdocs\personalWebsite\Runtime\Cache\Home\2f412aae274b751dca883838bf7e7502.php 第 184 行.
INFO: Run Behavior\ParseTemplateBehavior [ RunTime:0.015540s ]
INFO: [ view_parse ] --END-- [ RunTime:0.015579s ]
INFO: [ view_filter ] --START--
INFO: Run Behavior\WriteHtmlCacheBehavior [ RunTime:0.000301s ]
INFO: [ view_filter ] --END-- [ RunTime:0.000333s ]
INFO: [ app_end ] --START--
INFO: Run Behavior\ShowPageTraceBehavior [ RunTime:0.000651s ]
INFO: [ app_end ] --END-- [ RunTime:0.000688s ]

[ 2017-03-10T15:37:07+08:00 ] ::1 /personalWebsite/index.php/Home/Index/broadcast
INFO: [ app_init ] --START--
INFO: Run Behavior\BuildLiteBehavior [ RunTime:0.000011s ]
INFO: [ app_init ] --END-- [ RunTime:0.000268s ]
INFO: [ app_begin ] --START--
INFO: Run Behavior\ReadHtmlCacheBehavior [ RunTime:0.000475s ]
INFO: [ app_begin ] --END-- [ RunTime:0.000514s ]
SQL: SHOW COLUMNS FROM `cast_one` [ RunTime:0.0024s ]
SQL: SELECT * FROM `cast_one`  [ RunTime:0.0002s ]

[ 2017-03-10T15:40:07+08:00 ] ::1 /personalWebsite/index.php/Home/Index/index.html
INFO: [ app_init ] --START--
INFO: Run Behavior\BuildLiteBehavior [ RunTime:0.000010s ]
INFO: [ app_init ] --END-- [ RunTime:0.000254s ]
INFO: [ app_begin ] --START--
INFO: Run Behavior\ReadHtmlCacheBehavior [ RunTime:0.000468s ]
INFO: [ app_begin ] --END-- [ RunTime:0.000509s ]
SQL: SHOW COLUMNS FROM `art` [ RunTime:0.0029s ]
SQL: SELECT `art_id`,`art_read`,`art_zan`,`art_title` FROM `art` WHERE ( UNIX_TIMESTAMP(art_time) > 1488526807 and UNIX_TIMESTAMP(art_time) < 1489131607 ) ORDER BY art_read desc LIMIT 0,5   [ RunTime:0.0002s ]
ERR: 1052:Column 'art_id' in field list is ambiguous
 [ SQL语句 ] : SELECT `art_id`,`art_title`,`art_content`,`art_author`,`art_read`,`art_zan`,`art_cataogaries`,`art_tags`,`art_time`,`photo_id`,`photohref`,count("com_id") FROM `art` left join photo on photo.art_id = art.art_id left join comment on comment.art_id = art.art_id  WHERE ( photo_id = 1 ) GROUP BY art_id ORDER BY art_time desc 
ERR: 1052:Column 'art_id' in field list is ambiguous
 [ SQL语句 ] : SELECT `art_id`,`art_title`,`art_content`,`art_author`,`art_read`,`art_zan`,`art_cataogaries`,`art_tags`,`art_time`,`photo_id`,`photohref`,count("com_id") FROM `art` left join photo on photo.art_id = art.art_id left join comment on comment.art_id = art.art_id  WHERE ( photo_id = 1 ) GROUP BY art_id ORDER BY art_time desc 

[ 2017-03-10T15:41:00+08:00 ] ::1 /personalWebsite/index.php/Home/Index/index.html
INFO: [ app_init ] --START--
INFO: Run Behavior\BuildLiteBehavior [ RunTime:0.000012s ]
INFO: [ app_init ] --END-- [ RunTime:0.000423s ]
INFO: [ app_begin ] --START--
INFO: Run Behavior\ReadHtmlCacheBehavior [ RunTime:0.000674s ]
INFO: [ app_begin ] --END-- [ RunTime:0.000799s ]
SQL: SHOW COLUMNS FROM `art` [ RunTime:0.0029s ]
SQL: SELECT `art_id`,`art_read`,`art_zan`,`art_title` FROM `art` WHERE ( UNIX_TIMESTAMP(art_time) > 1488526860 and UNIX_TIMESTAMP(art_time) < 1489131660 ) ORDER BY art_read desc LIMIT 0,5   [ RunTime:0.0002s ]
SQL: SELECT count("com_id") FROM `art` left join photo on photo.art_id = art.art_id left join comment on comment.art_id = art.art_id  WHERE ( photo_id = 1 ) ORDER BY art_time desc  [ RunTime:0.0003s ]
INFO: [ view_parse ] --START--
INFO: [ template_filter ] --START--
INFO: Run Behavior\ContentReplaceBehavior [ RunTime:0.000086s ]
INFO: [ template_filter ] --END-- [ RunTime:0.000151s ]
NOTIC: [8] Undefined index: art_cataogaries D:\xampp\htdocs\personalWebsite\Runtime\Cache\Home\2f412aae274b751dca883838bf7e7502.php 第 158 行.
NOTIC: [8] Undefined index: art_id D:\xampp\htdocs\personalWebsite\Runtime\Cache\Home\2f412aae274b751dca883838bf7e7502.php 第 162 行.
NOTIC: [8] Undefined index: art_title D:\xampp\htdocs\personalWebsite\Runtime\Cache\Home\2f412aae274b751dca883838bf7e7502.php 第 162 行.
NOTIC: [8] Undefined index: art_author D:\xampp\htdocs\personalWebsite\Runtime\Cache\Home\2f412aae274b751dca883838bf7e7502.php 第 165 行.
NOTIC: [8] Undefined index: art_time D:\xampp\htdocs\personalWebsite\Runtime\Cache\Home\2f412aae274b751dca883838bf7e7502.php 第 165 行.
NOTIC: [8] Undefined index: photohref D:\xampp\htdocs\personalWebsite\Runtime\Cache\Home\2f412aae274b751dca883838bf7e7502.php 第 166 行.
NOTIC: [8] Undefined index: art_content D:\xampp\htdocs\personalWebsite\Runtime\Cache\Home\2f412aae274b751dca883838bf7e7502.php 第 174 行.
NOTIC: [8] Undefined index: art_id D:\xampp\htdocs\personalWebsite\Runtime\Cache\Home\2f412aae274b751dca883838bf7e7502.php 第 177 行.
NOTIC: [8] Undefined index: art_read D:\xampp\htdocs\personalWebsite\Runtime\Cache\Home\2f412aae274b751dca883838bf7e7502.php 第 178 行.
NOTIC: [8] Undefined index: art_id D:\xampp\htdocs\personalWebsite\Runtime\Cache\Home\2f412aae274b751dca883838bf7e7502.php 第 180 行.
NOTIC: [8] Undefined index: comment D:\xampp\htdocs\personalWebsite\Runtime\Cache\Home\2f412aae274b751dca883838bf7e7502.php 第 181 行.
NOTIC: [8] Undefined index: art_id D:\xampp\htdocs\personalWebsite\Runtime\Cache\Home\2f412aae274b751dca883838bf7e7502.php 第 183 行.
NOTIC: [8] Undefined index: art_zan D:\xampp\htdocs\personalWebsite\Runtime\Cache\Home\2f412aae274b751dca883838bf7e7502.php 第 184 行.
INFO: Run Behavior\ParseTemplateBehavior [ RunTime:0.017227s ]
INFO: [ view_parse ] --END-- [ RunTime:0.017293s ]
INFO: [ view_filter ] --START--
INFO: Run Behavior\WriteHtmlCacheBehavior [ RunTime:0.000455s ]
INFO: [ view_filter ] --END-- [ RunTime:0.000489s ]
INFO: [ app_end ] --START--
INFO: Run Behavior\ShowPageTraceBehavior [ RunTime:0.000607s ]
INFO: [ app_end ] --END-- [ RunTime:0.000660s ]

[ 2017-03-10T15:41:01+08:00 ] ::1 /personalWebsite/index.php/Home/Index/broadcast
INFO: [ app_init ] --START--
INFO: Run Behavior\BuildLiteBehavior [ RunTime:0.000047s ]
INFO: [ app_init ] --END-- [ RunTime:0.000522s ]
INFO: [ app_begin ] --START--
INFO: Run Behavior\ReadHtmlCacheBehavior [ RunTime:0.000624s ]
INFO: [ app_begin ] --END-- [ RunTime:0.000699s ]
SQL: SHOW COLUMNS FROM `cast_one` [ RunTime:0.0032s ]
SQL: SELECT * FROM `cast_one`  [ RunTime:0.0003s ]

[ 2017-03-10T15:41:31+08:00 ] ::1 /personalWebsite/index.php/Home/Index/index.html
INFO: [ app_init ] --START--
INFO: Run Behavior\BuildLiteBehavior [ RunTime:0.000009s ]
INFO: [ app_init ] --END-- [ RunTime:0.000254s ]
INFO: [ app_begin ] --START--
INFO: Run Behavior\ReadHtmlCacheBehavior [ RunTime:0.000442s ]
INFO: [ app_begin ] --END-- [ RunTime:0.000482s ]
SQL: SHOW COLUMNS FROM `art` [ RunTime:0.0028s ]
SQL: SELECT `art_id`,`art_read`,`art_zan`,`art_title` FROM `art` WHERE ( UNIX_TIMESTAMP(art_time) > 1488526891 and UNIX_TIMESTAMP(art_time) < 1489131691 ) ORDER BY art_read desc LIMIT 0,5   [ RunTime:0.0002s ]
ERR: 1052:Column 'art_id' in field list is ambiguous
 [ SQL语句 ] : SELECT `art_id`,`art_title`,`art_content`,`art_author`,`art_read`,`art_zan`,`art_cataogaries`,`art_tags`,`art_time`,`photo_id`,`photohref` FROM `art` left join photo on photo.art_id = art.art_id left join comment on comment.art_id = art.art_id  WHERE ( photo_id = 1 ) ORDER BY art_time desc 
ERR: 1052:Column 'art_id' in field list is ambiguous
 [ SQL语句 ] : SELECT `art_id`,`art_title`,`art_content`,`art_author`,`art_read`,`art_zan`,`art_cataogaries`,`art_tags`,`art_time`,`photo_id`,`photohref` FROM `art` left join photo on photo.art_id = art.art_id left join comment on comment.art_id = art.art_id  WHERE ( photo_id = 1 ) ORDER BY art_time desc 

[ 2017-03-10T15:41:47+08:00 ] ::1 /personalWebsite/index.php/Home/Index/index.html
INFO: [ app_init ] --START--
INFO: Run Behavior\BuildLiteBehavior [ RunTime:0.000009s ]
INFO: [ app_init ] --END-- [ RunTime:0.000250s ]
INFO: [ app_begin ] --START--
INFO: Run Behavior\ReadHtmlCacheBehavior [ RunTime:0.000470s ]
INFO: [ app_begin ] --END-- [ RunTime:0.000511s ]
SQL: SHOW COLUMNS FROM `art` [ RunTime:0.0038s ]
SQL: SELECT `art_id`,`art_read`,`art_zan`,`art_title` FROM `art` WHERE ( UNIX_TIMESTAMP(art_time) > 1488526907 and UNIX_TIMESTAMP(art_time) < 1489131707 ) ORDER BY art_read desc LIMIT 0,5   [ RunTime:0.0002s ]
SQL: SELECT `art_title`,`art_content`,`art_author`,`art_read`,`art_zan`,`art_cataogaries`,`art_tags`,`art_time`,`photo_id`,`photohref` FROM `art` left join photo on photo.art_id = art.art_id left join comment on comment.art_id = art.art_id  WHERE ( photo_id = 1 ) ORDER BY art_time desc  [ RunTime:0.0029s ]
INFO: [ view_parse ] --START--
INFO: [ template_filter ] --START--
INFO: Run Behavior\ContentReplaceBehavior [ RunTime:0.000080s ]
INFO: [ template_filter ] --END-- [ RunTime:0.000166s ]
NOTIC: [8] Undefined index: art_id D:\xampp\htdocs\personalWebsite\Runtime\Cache\Home\2f412aae274b751dca883838bf7e7502.php 第 162 行.
NOTIC: [8] Undefined index: art_id D:\xampp\htdocs\personalWebsite\Runtime\Cache\Home\2f412aae274b751dca883838bf7e7502.php 第 167 行.
NOTIC: [8] Undefined index: art_id D:\xampp\htdocs\personalWebsite\Runtime\Cache\Home\2f412aae274b751dca883838bf7e7502.php 第 177 行.
NOTIC: [8] Undefined index: art_id D:\xampp\htdocs\personalWebsite\Runtime\Cache\Home\2f412aae274b751dca883838bf7e7502.php 第 180 行.
NOTIC: [8] Undefined index: comment D:\xampp\htdocs\personalWebsite\Runtime\Cache\Home\2f412aae274b751dca883838bf7e7502.php 第 181 行.
NOTIC: [8] Undefined index: art_id D:\xampp\htdocs\personalWebsite\Runtime\Cache\Home\2f412aae274b751dca883838bf7e7502.php 第 183 行.
NOTIC: [8] Undefined index: art_id D:\xampp\htdocs\personalWebsite\Runtime\Cache\Home\2f412aae274b751dca883838bf7e7502.php 第 162 行.
NOTIC: [8] Undefined index: art_id D:\xampp\htdocs\personalWebsite\Runtime\Cache\Home\2f412aae274b751dca883838bf7e7502.php 第 167 行.
NOTIC: [8] Undefined index: art_id D:\xampp\htdocs\personalWebsite\Runtime\Cache\Home\2f412aae274b751dca883838bf7e7502.php 第 177 行.
NOTIC: [8] Undefined index: art_id D:\xampp\htdocs\personalWebsite\Runtime\Cache\Home\2f412aae274b751dca883838bf7e7502.php 第 180 行.
NOTIC: [8] Undefined index: comment D:\xampp\htdocs\personalWebsite\Runtime\Cache\Home\2f412aae274b751dca883838bf7e7502.php 第 181 行.
NOTIC: [8] Undefined index: art_id D:\xampp\htdocs\personalWebsite\Runtime\Cache\Home\2f412aae274b751dca883838bf7e7502.php 第 183 行.
NOTIC: [8] Undefined index: art_id D:\xampp\htdocs\personalWebsite\Runtime\Cache\Home\2f412aae274b751dca883838bf7e7502.php 第 162 行.
NOTIC: [8] Undefined index: art_id D:\xampp\htdocs\personalWebsite\Runtime\Cache\Home\2f412aae274b751dca883838bf7e7502.php 第 167 行.
NOTIC: [8] Undefined index: art_id D:\xampp\htdocs\personalWebsite\Runtime\Cache\Home\2f412aae274b751dca883838bf7e7502.php 第 177 行.
NOTIC: [8] Undefined index: art_id D:\xampp\htdocs\personalWebsite\Runtime\Cache\Home\2f412aae274b751dca883838bf7e7502.php 第 180 行.
NOTIC: [8] Undefined index: comment D:\xampp\htdocs\personalWebsite\Runtime\Cache\Home\2f412aae274b751dca883838bf7e7502.php 第 181 行.
NOTIC: [8] Undefined index: art_id D:\xampp\htdocs\personalWebsite\Runtime\Cache\Home\2f412aae274b751dca883838bf7e7502.php 第 183 行.
NOTIC: [8] Undefined index: art_id D:\xampp\htdocs\personalWebsite\Runtime\Cache\Home\2f412aae274b751dca883838bf7e7502.php 第 162 行.
NOTIC: [8] Undefined index: art_id D:\xampp\htdocs\personalWebsite\Runtime\Cache\Home\2f412aae274b751dca883838bf7e7502.php 第 167 行.
NOTIC: [8] Undefined index: art_id D:\xampp\htdocs\personalWebsite\Runtime\Cache\Home\2f412aae274b751dca883838bf7e7502.php 第 177 行.
NOTIC: [8] Undefined index: art_id D:\xampp\htdocs\personalWebsite\Runtime\Cache\Home\2f412aae274b751dca883838bf7e7502.php 第 180 行.
NOTIC: [8] Undefined index: comment D:\xampp\htdocs\personalWebsite\Runtime\Cache\Home\2f412aae274b751dca883838bf7e7502.php 第 181 行.
NOTIC: [8] Undefined index: art_id D:\xampp\htdocs\personalWebsite\Runtime\Cache\Home\2f412aae274b751dca883838bf7e7502.php 第 183 行.
NOTIC: [8] Undefined index: art_id D:\xampp\htdocs\personalWebsite\Runtime\Cache\Home\2f412aae274b751dca883838bf7e7502.php 第 162 行.
NOTIC: [8] Undefined index: art_id D:\xampp\htdocs\personalWebsite\Runtime\Cache\Home\2f412aae274b751dca883838bf7e7502.php 第 167 行.
NOTIC: [8] Undefined index: art_id D:\xampp\htdocs\personalWebsite\Runtime\Cache\Home\2f412aae274b751dca883838bf7e7502.php 第 177 行.
NOTIC: [8] Undefined index: art_id D:\xampp\htdocs\personalWebsite\Runtime\Cache\Home\2f412aae274b751dca883838bf7e7502.php 第 180 行.
NOTIC: [8] Undefined index: comment D:\xampp\htdocs\personalWebsite\Runtime\Cache\Home\2f412aae274b751dca883838bf7e7502.php 第 181 行.
NOTIC: [8] Undefined index: art_id D:\xampp\htdocs\personalWebsite\Runtime\Cache\Home\2f412aae274b751dca883838bf7e7502.php 第 183 行.
NOTIC: [8] Undefined index: art_id D:\xampp\htdocs\personalWebsite\Runtime\Cache\Home\2f412aae274b751dca883838bf7e7502.php 第 162 行.
NOTIC: [8] Undefined index: art_id D:\xampp\htdocs\personalWebsite\Runtime\Cache\Home\2f412aae274b751dca883838bf7e7502.php 第 167 行.
NOTIC: [8] Undefined index: art_id D:\xampp\htdocs\personalWebsite\Runtime\Cache\Home\2f412aae274b751dca883838bf7e7502.php 第 177 行.
NOTIC: [8] Undefined index: art_id D:\xampp\htdocs\personalWebsite\Runtime\Cache\Home\2f412aae274b751dca883838bf7e7502.php 第 180 行.
NOTIC: [8] Undefined index: comment D:\xampp\htdocs\personalWebsite\Runtime\Cache\Home\2f412aae274b751dca883838bf7e7502.php 第 181 行.
NOTIC: [8] Undefined index: art_id D:\xampp\htdocs\personalWebsite\Runtime\Cache\Home\2f412aae274b751dca883838bf7e7502.php 第 183 行.
NOTIC: [8] Undefined index: art_id D:\xampp\htdocs\personalWebsite\Runtime\Cache\Home\2f412aae274b751dca883838bf7e7502.php 第 162 行.
NOTIC: [8] Undefined index: art_id D:\xampp\htdocs\personalWebsite\Runtime\Cache\Home\2f412aae274b751dca883838bf7e7502.php 第 167 行.
NOTIC: [8] Undefined index: art_id D:\xampp\htdocs\personalWebsite\Runtime\Cache\Home\2f412aae274b751dca883838bf7e7502.php 第 177 行.
NOTIC: [8] Undefined index: art_id D:\xampp\htdocs\personalWebsite\Runtime\Cache\Home\2f412aae274b751dca883838bf7e7502.php 第 180 行.
NOTIC: [8] Undefined index: comment D:\xampp\htdocs\personalWebsite\Runtime\Cache\Home\2f412aae274b751dca883838bf7e7502.php 第 181 行.
NOTIC: [8] Undefined index: art_id D:\xampp\htdocs\personalWebsite\Runtime\Cache\Home\2f412aae274b751dca883838bf7e7502.php 第 183 行.
NOTIC: [8] Undefined index: art_id D:\xampp\htdocs\personalWebsite\Runtime\Cache\Home\2f412aae274b751dca883838bf7e7502.php 第 162 行.
NOTIC: [8] Undefined index: art_id D:\xampp\htdocs\personalWebsite\Runtime\Cache\Home\2f412aae274b751dca883838bf7e7502.php 第 167 行.
NOTIC: [8] Undefined index: art_id D:\xampp\htdocs\personalWebsite\Runtime\Cache\Home\2f412aae274b751dca883838bf7e7502.php 第 177 行.
NOTIC: [8] Undefined index: art_id D:\xampp\htdocs\personalWebsite\Runtime\Cache\Home\2f412aae274b751dca883838bf7e7502.php 第 180 行.
NOTIC: [8] Undefined index: comment D:\xampp\htdocs\personalWebsite\Runtime\Cache\Home\2f412aae274b751dca883838bf7e7502.php 第 181 行.
NOTIC: [8] Undefined index: art_id D:\xampp\htdocs\personalWebsite\Runtime\Cache\Home\2f412aae274b751dca883838bf7e7502.php 第 183 行.
NOTIC: [8] Undefined index: art_id D:\xampp\htdocs\personalWebsite\Runtime\Cache\Home\2f412aae274b751dca883838bf7e7502.php 第 162 行.
NOTIC: [8] Undefined index: art_id D:\xampp\htdocs\personalWebsite\Runtime\Cache\Home\2f412aae274b751dca883838bf7e7502.php 第 177 行.
NOTIC: [8] Undefined index: art_id D:\xampp\htdocs\personalWebsite\Runtime\Cache\Home\2f412aae274b751dca883838bf7e7502.php 第 180 行.
NOTIC: [8] Undefined index: comment D:\xampp\htdocs\personalWebsite\Runtime\Cache\Home\2f412aae274b751dca883838bf7e7502.php 第 181 行.
NOTIC: [8] Undefined index: art_id D:\xampp\htdocs\personalWebsite\Runtime\Cache\Home\2f412aae274b751dca883838bf7e7502.php 第 183 行.
INFO: Run Behavior\ParseTemplateBehavior [ RunTime:0.016618s ]
INFO: [ view_parse ] --END-- [ RunTime:0.016659s ]
INFO: [ view_filter ] --START--
INFO: Run Behavior\WriteHtmlCacheBehavior [ RunTime:0.000306s ]
INFO: [ view_filter ] --END-- [ RunTime:0.000338s ]
NOTIC: [2] Cannot modify header information - headers already sent by (output started at D:\xampp\htdocs\personalWebsite\Home\Controller\IndexController.class.php:20) D:\xampp\htdocs\ThinkPHP\Library\Think\View.class.php 第 91 行.
NOTIC: [2] Cannot modify header information - headers already sent by (output started at D:\xampp\htdocs\personalWebsite\Home\Controller\IndexController.class.php:20) D:\xampp\htdocs\ThinkPHP\Library\Think\View.class.php 第 92 行.
NOTIC: [2] Cannot modify header information - headers already sent by (output started at D:\xampp\htdocs\personalWebsite\Home\Controller\IndexController.class.php:20) D:\xampp\htdocs\ThinkPHP\Library\Think\View.class.php 第 93 行.
INFO: [ app_end ] --START--
INFO: Run Behavior\ShowPageTraceBehavior [ RunTime:0.000581s ]
INFO: [ app_end ] --END-- [ RunTime:0.000629s ]

[ 2017-03-10T15:41:47+08:00 ] ::1 /personalWebsite/index.php/Home/Index/broadcast
INFO: [ app_init ] --START--
INFO: Run Behavior\BuildLiteBehavior [ RunTime:0.000017s ]
INFO: [ app_init ] --END-- [ RunTime:0.000423s ]
INFO: [ app_begin ] --START--
INFO: Run Behavior\ReadHtmlCacheBehavior [ RunTime:0.000568s ]
INFO: [ app_begin ] --END-- [ RunTime:0.000626s ]
SQL: SHOW COLUMNS FROM `cast_one` [ RunTime:0.0040s ]
SQL: SELECT * FROM `cast_one`  [ RunTime:0.0002s ]

[ 2017-03-10T15:42:10+08:00 ] ::1 /personalWebsite/index.php/Home/Index/index.html
INFO: [ app_init ] --START--
INFO: Run Behavior\BuildLiteBehavior [ RunTime:0.000009s ]
INFO: [ app_init ] --END-- [ RunTime:0.000245s ]
INFO: [ app_begin ] --START--
INFO: Run Behavior\ReadHtmlCacheBehavior [ RunTime:0.000469s ]
INFO: [ app_begin ] --END-- [ RunTime:0.000510s ]
SQL: SHOW COLUMNS FROM `art` [ RunTime:0.0039s ]
SQL: SELECT `art_id`,`art_read`,`art_zan`,`art_title` FROM `art` WHERE ( UNIX_TIMESTAMP(art_time) > 1488526930 and UNIX_TIMESTAMP(art_time) < 1489131730 ) ORDER BY art_read desc LIMIT 0,5   [ RunTime:0.0002s ]
ERR: 1052:Column 'art_id' in group statement is ambiguous
 [ SQL语句 ] : SELECT `art_title`,`art_content`,`art_author`,`art_read`,`art_zan`,`art_cataogaries`,`art_tags`,`art_time`,`photo_id`,`photohref`,count("com_id") FROM `art` left join photo on photo.art_id = art.art_id left join comment on comment.art_id = art.art_id  WHERE ( photo_id = 1 ) GROUP BY art_id ORDER BY art_time desc 
ERR: 1052:Column 'art_id' in group statement is ambiguous
 [ SQL语句 ] : SELECT `art_title`,`art_content`,`art_author`,`art_read`,`art_zan`,`art_cataogaries`,`art_tags`,`art_time`,`photo_id`,`photohref`,count("com_id") FROM `art` left join photo on photo.art_id = art.art_id left join comment on comment.art_id = art.art_id  WHERE ( photo_id = 1 ) GROUP BY art_id ORDER BY art_time desc 

[ 2017-03-10T15:42:43+08:00 ] ::1 /personalWebsite/index.php/Home/Index/index.html
INFO: [ app_init ] --START--
INFO: Run Behavior\BuildLiteBehavior [ RunTime:0.000009s ]
INFO: [ app_init ] --END-- [ RunTime:0.000259s ]
INFO: [ app_begin ] --START--
INFO: Run Behavior\ReadHtmlCacheBehavior [ RunTime:0.000427s ]
INFO: [ app_begin ] --END-- [ RunTime:0.000470s ]
SQL: SHOW COLUMNS FROM `art` [ RunTime:0.0033s ]
SQL: SELECT `art_id`,`art_read`,`art_zan`,`art_title` FROM `art` WHERE ( UNIX_TIMESTAMP(art_time) > 1488526963 and UNIX_TIMESTAMP(art_time) < 1489131763 ) ORDER BY art_read desc LIMIT 0,5   [ RunTime:0.0005s ]
ERR: 1052:Column 'art_id' in field list is ambiguous
 [ SQL语句 ] : SELECT `art_id`,`art_title`,`art_content`,`art_author`,`art_read`,`art_zan`,`art_cataogaries`,`art_tags`,`art_time`,`photo_id`,`photohref` FROM `art` left join photo on photo.art_id = art.art_id left join comment on comment.art_id = art.art_id  WHERE ( photo_id = 1 ) GROUP BY art_id ORDER BY art_time desc 
ERR: 1052:Column 'art_id' in field list is ambiguous
 [ SQL语句 ] : SELECT `art_id`,`art_title`,`art_content`,`art_author`,`art_read`,`art_zan`,`art_cataogaries`,`art_tags`,`art_time`,`photo_id`,`photohref` FROM `art` left join photo on photo.art_id = art.art_id left join comment on comment.art_id = art.art_id  WHERE ( photo_id = 1 ) GROUP BY art_id ORDER BY art_time desc 

[ 2017-03-10T15:43:18+08:00 ] ::1 /personalWebsite/index.php/Home/Index/index.html
INFO: [ app_init ] --START--
INFO: Run Behavior\BuildLiteBehavior [ RunTime:0.000026s ]
INFO: [ app_init ] --END-- [ RunTime:0.000361s ]
INFO: [ app_begin ] --START--
INFO: Run Behavior\ReadHtmlCacheBehavior [ RunTime:0.000686s ]
INFO: [ app_begin ] --END-- [ RunTime:0.000758s ]
SQL: SHOW COLUMNS FROM `art` [ RunTime:0.0033s ]
SQL: SELECT `art_id`,`art_read`,`art_zan`,`art_title` FROM `art` WHERE ( UNIX_TIMESTAMP(art_time) > 1488526998 and UNIX_TIMESTAMP(art_time) < 1489131798 ) ORDER BY art_read desc LIMIT 0,5   [ RunTime:0.0002s ]
SQL: SELECT `art_title`,`art_content`,`art_author`,`art_read`,`art_zan`,`art_cataogaries`,`art_tags`,`art_time`,`photo_id`,`photohref`,count("com_id") FROM `art` left join photo on photo.art_id = art.art_id left join comment on comment.art_id = art.art_id  WHERE ( photo_id = 1 ) ORDER BY art_time desc  [ RunTime:0.0219s ]
INFO: [ view_parse ] --START--
INFO: [ template_filter ] --START--
INFO: Run Behavior\ContentReplaceBehavior [ RunTime:0.000067s ]
INFO: [ template_filter ] --END-- [ RunTime:0.000113s ]
NOTIC: [8] Undefined index: art_id D:\xampp\htdocs\personalWebsite\Runtime\Cache\Home\2f412aae274b751dca883838bf7e7502.php 第 162 行.
NOTIC: [8] Undefined index: art_id D:\xampp\htdocs\personalWebsite\Runtime\Cache\Home\2f412aae274b751dca883838bf7e7502.php 第 167 行.
NOTIC: [8] Undefined index: art_id D:\xampp\htdocs\personalWebsite\Runtime\Cache\Home\2f412aae274b751dca883838bf7e7502.php 第 177 行.
NOTIC: [8] Undefined index: art_id D:\xampp\htdocs\personalWebsite\Runtime\Cache\Home\2f412aae274b751dca883838bf7e7502.php 第 180 行.
NOTIC: [8] Undefined index: comment D:\xampp\htdocs\personalWebsite\Runtime\Cache\Home\2f412aae274b751dca883838bf7e7502.php 第 181 行.
NOTIC: [8] Undefined index: art_id D:\xampp\htdocs\personalWebsite\Runtime\Cache\Home\2f412aae274b751dca883838bf7e7502.php 第 183 行.
INFO: Run Behavior\ParseTemplateBehavior [ RunTime:0.016896s ]
INFO: [ view_parse ] --END-- [ RunTime:0.016939s ]
INFO: [ view_filter ] --START--
INFO: Run Behavior\WriteHtmlCacheBehavior [ RunTime:0.000361s ]
INFO: [ view_filter ] --END-- [ RunTime:0.000394s ]
INFO: [ app_end ] --START--
INFO: Run Behavior\ShowPageTraceBehavior [ RunTime:0.000821s ]
INFO: [ app_end ] --END-- [ RunTime:0.000874s ]

[ 2017-03-10T15:43:18+08:00 ] ::1 /personalWebsite/index.php/Home/Index/broadcast
INFO: [ app_init ] --START--
INFO: Run Behavior\BuildLiteBehavior [ RunTime:0.000028s ]
INFO: [ app_init ] --END-- [ RunTime:0.000705s ]
INFO: [ app_begin ] --START--
INFO: Run Behavior\ReadHtmlCacheBehavior [ RunTime:0.001181s ]
INFO: [ app_begin ] --END-- [ RunTime:0.001317s ]
SQL: SHOW COLUMNS FROM `cast_one` [ RunTime:0.0088s ]
SQL: SELECT * FROM `cast_one`  [ RunTime:0.0002s ]

[ 2017-03-10T15:43:52+08:00 ] ::1 /personalWebsite/index.php/Home/Index/index.html
INFO: [ app_init ] --START--
INFO: Run Behavior\BuildLiteBehavior [ RunTime:0.000009s ]
INFO: [ app_init ] --END-- [ RunTime:0.000279s ]
INFO: [ app_begin ] --START--
INFO: Run Behavior\ReadHtmlCacheBehavior [ RunTime:0.000414s ]
INFO: [ app_begin ] --END-- [ RunTime:0.000466s ]
SQL: SHOW COLUMNS FROM `art` [ RunTime:0.0027s ]
SQL: SELECT `art_id`,`art_read`,`art_zan`,`art_title` FROM `art` WHERE ( UNIX_TIMESTAMP(art_time) > 1488527032 and UNIX_TIMESTAMP(art_time) < 1489131832 ) ORDER BY art_read desc LIMIT 0,5   [ RunTime:0.0002s ]
SQL: SELECT * FROM `art` left join photo on photo.art_id = art.art_id left join comment on comment.art_id = art.art_id  WHERE ( photo_id = 1 ) ORDER BY art_time desc  [ RunTime:0.0023s ]
INFO: [ view_parse ] --START--
INFO: [ template_filter ] --START--
INFO: Run Behavior\ContentReplaceBehavior [ RunTime:0.000069s ]
INFO: [ template_filter ] --END-- [ RunTime:0.000125s ]
INFO: Run Behavior\ParseTemplateBehavior [ RunTime:0.020796s ]
INFO: [ view_parse ] --END-- [ RunTime:0.020939s ]
INFO: [ view_filter ] --START--
INFO: Run Behavior\WriteHtmlCacheBehavior [ RunTime:0.001459s ]
INFO: [ view_filter ] --END-- [ RunTime:0.001543s ]
NOTIC: [2] Cannot modify header information - headers already sent by (output started at D:\xampp\htdocs\personalWebsite\Home\Controller\IndexController.class.php:20) D:\xampp\htdocs\ThinkPHP\Library\Think\View.class.php 第 91 行.
NOTIC: [2] Cannot modify header information - headers already sent by (output started at D:\xampp\htdocs\personalWebsite\Home\Controller\IndexController.class.php:20) D:\xampp\htdocs\ThinkPHP\Library\Think\View.class.php 第 92 行.
NOTIC: [2] Cannot modify header information - headers already sent by (output started at D:\xampp\htdocs\personalWebsite\Home\Controller\IndexController.class.php:20) D:\xampp\htdocs\ThinkPHP\Library\Think\View.class.php 第 93 行.
INFO: [ app_end ] --START--
INFO: Run Behavior\ShowPageTraceBehavior [ RunTime:0.001242s ]
INFO: [ app_end ] --END-- [ RunTime:0.001336s ]

[ 2017-03-10T15:43:52+08:00 ] ::1 /personalWebsite/index.php/Home/Index/broadcast
INFO: [ app_init ] --START--
INFO: Run Behavior\BuildLiteBehavior [ RunTime:0.000012s ]
INFO: [ app_init ] --END-- [ RunTime:0.000379s ]
INFO: [ app_begin ] --START--
INFO: Run Behavior\ReadHtmlCacheBehavior [ RunTime:0.000456s ]
INFO: [ app_begin ] --END-- [ RunTime:0.000499s ]
SQL: SHOW COLUMNS FROM `cast_one` [ RunTime:0.0030s ]
SQL: SELECT * FROM `cast_one`  [ RunTime:0.0003s ]

[ 2017-03-10T15:44:59+08:00 ] ::1 /personalWebsite/index.php/Home/Index/index.html
INFO: [ app_init ] --START--
INFO: Run Behavior\BuildLiteBehavior [ RunTime:0.000026s ]
INFO: [ app_init ] --END-- [ RunTime:0.000428s ]
INFO: [ app_begin ] --START--
INFO: Run Behavior\ReadHtmlCacheBehavior [ RunTime:0.000835s ]
INFO: [ app_begin ] --END-- [ RunTime:0.000893s ]
SQL: SHOW COLUMNS FROM `art` [ RunTime:0.0028s ]
SQL: SELECT `art_id`,`art_read`,`art_zan`,`art_title` FROM `art` WHERE ( UNIX_TIMESTAMP(art_time) > 1488527099 and UNIX_TIMESTAMP(art_time) < 1489131899 ) ORDER BY art_read desc LIMIT 0,5   [ RunTime:0.0002s ]
SQL: SELECT `art_title`,`art_content`,`art_author`,`art_read`,`art_zan`,`art_cataogaries`,`art_tags`,`art_time`,`photo_id`,`photohref`,count("art_id") FROM `art` left join photo on photo.art_id = art.art_id left join comment on comment.art_id = art.art_id  WHERE ( photo_id = 1 ) ORDER BY art_time desc  [ RunTime:0.0023s ]
INFO: [ view_parse ] --START--
INFO: [ template_filter ] --START--
INFO: Run Behavior\ContentReplaceBehavior [ RunTime:0.000066s ]
INFO: [ template_filter ] --END-- [ RunTime:0.000114s ]
NOTIC: [8] Undefined index: art_id D:\xampp\htdocs\personalWebsite\Runtime\Cache\Home\2f412aae274b751dca883838bf7e7502.php 第 162 行.
NOTIC: [8] Undefined index: art_id D:\xampp\htdocs\personalWebsite\Runtime\Cache\Home\2f412aae274b751dca883838bf7e7502.php 第 167 行.
NOTIC: [8] Undefined index: art_id D:\xampp\htdocs\personalWebsite\Runtime\Cache\Home\2f412aae274b751dca883838bf7e7502.php 第 177 行.
NOTIC: [8] Undefined index: art_id D:\xampp\htdocs\personalWebsite\Runtime\Cache\Home\2f412aae274b751dca883838bf7e7502.php 第 180 行.
NOTIC: [8] Undefined index: comment D:\xampp\htdocs\personalWebsite\Runtime\Cache\Home\2f412aae274b751dca883838bf7e7502.php 第 181 行.
NOTIC: [8] Undefined index: art_id D:\xampp\htdocs\personalWebsite\Runtime\Cache\Home\2f412aae274b751dca883838bf7e7502.php 第 183 行.
INFO: Run Behavior\ParseTemplateBehavior [ RunTime:0.016770s ]
INFO: [ view_parse ] --END-- [ RunTime:0.016809s ]
INFO: [ view_filter ] --START--
INFO: Run Behavior\WriteHtmlCacheBehavior [ RunTime:0.000302s ]
INFO: [ view_filter ] --END-- [ RunTime:0.000334s ]
INFO: [ app_end ] --START--
INFO: Run Behavior\ShowPageTraceBehavior [ RunTime:0.000674s ]
INFO: [ app_end ] --END-- [ RunTime:0.000714s ]

[ 2017-03-10T15:44:59+08:00 ] ::1 /personalWebsite/index.php/Home/Index/broadcast
INFO: [ app_init ] --START--
INFO: Run Behavior\BuildLiteBehavior [ RunTime:0.000042s ]
INFO: [ app_init ] --END-- [ RunTime:0.000718s ]
INFO: [ app_begin ] --START--
INFO: Run Behavior\ReadHtmlCacheBehavior [ RunTime:0.000984s ]
INFO: [ app_begin ] --END-- [ RunTime:0.001076s ]
SQL: SHOW COLUMNS FROM `cast_one` [ RunTime:0.0064s ]
SQL: SELECT * FROM `cast_one`  [ RunTime:0.0003s ]

[ 2017-03-10T15:45:44+08:00 ] ::1 /personalWebsite/index.php/Home/Index/index.html
INFO: [ app_init ] --START--
INFO: Run Behavior\BuildLiteBehavior [ RunTime:0.000008s ]
INFO: [ app_init ] --END-- [ RunTime:0.000246s ]
INFO: [ app_begin ] --START--
INFO: Run Behavior\ReadHtmlCacheBehavior [ RunTime:0.000454s ]
INFO: [ app_begin ] --END-- [ RunTime:0.000493s ]
SQL: SHOW COLUMNS FROM `art` [ RunTime:0.0040s ]
SQL: SELECT `art_id`,`art_read`,`art_zan`,`art_title` FROM `art` WHERE ( UNIX_TIMESTAMP(art_time) > 1488527144 and UNIX_TIMESTAMP(art_time) < 1489131944 ) ORDER BY art_read desc LIMIT 0,5   [ RunTime:0.0003s ]
ERR: 1052:Column 'art_id' in field list is ambiguous
 [ SQL语句 ] : SELECT `art_id`,`art_title`,`art_content`,`art_author`,`art_read`,`art_zan`,`art_cataogaries`,`art_tags`,`art_time`,`photo_id`,`photohref` FROM `art` left join photo on photo.art_id = art.art_id left join comment on comment.art_id = art.art_id  WHERE ( photo_id = 1 ) ORDER BY art_time desc 
ERR: 1052:Column 'art_id' in field list is ambiguous
 [ SQL语句 ] : SELECT `art_id`,`art_title`,`art_content`,`art_author`,`art_read`,`art_zan`,`art_cataogaries`,`art_tags`,`art_time`,`photo_id`,`photohref` FROM `art` left join photo on photo.art_id = art.art_id left join comment on comment.art_id = art.art_id  WHERE ( photo_id = 1 ) ORDER BY art_time desc 

[ 2017-03-10T15:47:04+08:00 ] ::1 /personalWebsite/index.php/Home/Index/index.html
INFO: [ app_init ] --START--
INFO: Run Behavior\BuildLiteBehavior [ RunTime:0.000012s ]
INFO: [ app_init ] --END-- [ RunTime:0.000334s ]
INFO: [ app_begin ] --START--
INFO: Run Behavior\ReadHtmlCacheBehavior [ RunTime:0.000631s ]
INFO: [ app_begin ] --END-- [ RunTime:0.000729s ]
SQL: SHOW COLUMNS FROM `art` [ RunTime:0.0029s ]
SQL: SELECT `art_id`,`art_read`,`art_zan`,`art_title` FROM `art` WHERE ( UNIX_TIMESTAMP(art_time) > 1488527224 and UNIX_TIMESTAMP(art_time) < 1489132024 ) ORDER BY art_read desc LIMIT 0,5   [ RunTime:0.0003s ]
SQL: SELECT `art_title`,`art_content`,`art_author`,`art_read`,`art_zan`,`art_cataogaries`,`art_tags`,`art_time`,`photo_id`,`photohref` FROM `art` left join photo on photo.art_id = art.art_id left join comment on comment.art_id = art.art_id  WHERE ( photo_id = 1 ) ORDER BY art_time desc  [ RunTime:0.0024s ]
INFO: [ view_parse ] --START--
INFO: [ template_filter ] --START--
INFO: Run Behavior\ContentReplaceBehavior [ RunTime:0.000141s ]
INFO: [ template_filter ] --END-- [ RunTime:0.000246s ]
NOTIC: [8] Undefined index: art_id D:\xampp\htdocs\personalWebsite\Runtime\Cache\Home\2f412aae274b751dca883838bf7e7502.php 第 162 行.
NOTIC: [8] Undefined index: art_id D:\xampp\htdocs\personalWebsite\Runtime\Cache\Home\2f412aae274b751dca883838bf7e7502.php 第 167 行.
NOTIC: [8] Undefined index: art_id D:\xampp\htdocs\personalWebsite\Runtime\Cache\Home\2f412aae274b751dca883838bf7e7502.php 第 177 行.
NOTIC: [8] Undefined index: art_id D:\xampp\htdocs\personalWebsite\Runtime\Cache\Home\2f412aae274b751dca883838bf7e7502.php 第 180 行.
NOTIC: [8] Undefined index: comment D:\xampp\htdocs\personalWebsite\Runtime\Cache\Home\2f412aae274b751dca883838bf7e7502.php 第 181 行.
NOTIC: [8] Undefined index: art_id D:\xampp\htdocs\personalWebsite\Runtime\Cache\Home\2f412aae274b751dca883838bf7e7502.php 第 183 行.
NOTIC: [8] Undefined index: art_id D:\xampp\htdocs\personalWebsite\Runtime\Cache\Home\2f412aae274b751dca883838bf7e7502.php 第 162 行.
NOTIC: [8] Undefined index: art_id D:\xampp\htdocs\personalWebsite\Runtime\Cache\Home\2f412aae274b751dca883838bf7e7502.php 第 167 行.
NOTIC: [8] Undefined index: art_id D:\xampp\htdocs\personalWebsite\Runtime\Cache\Home\2f412aae274b751dca883838bf7e7502.php 第 177 行.
NOTIC: [8] Undefined index: art_id D:\xampp\htdocs\personalWebsite\Runtime\Cache\Home\2f412aae274b751dca883838bf7e7502.php 第 180 行.
NOTIC: [8] Undefined index: comment D:\xampp\htdocs\personalWebsite\Runtime\Cache\Home\2f412aae274b751dca883838bf7e7502.php 第 181 行.
NOTIC: [8] Undefined index: art_id D:\xampp\htdocs\personalWebsite\Runtime\Cache\Home\2f412aae274b751dca883838bf7e7502.php 第 183 行.
NOTIC: [8] Undefined index: art_id D:\xampp\htdocs\personalWebsite\Runtime\Cache\Home\2f412aae274b751dca883838bf7e7502.php 第 162 行.
NOTIC: [8] Undefined index: art_id D:\xampp\htdocs\personalWebsite\Runtime\Cache\Home\2f412aae274b751dca883838bf7e7502.php 第 167 行.
NOTIC: [8] Undefined index: art_id D:\xampp\htdocs\personalWebsite\Runtime\Cache\Home\2f412aae274b751dca883838bf7e7502.php 第 177 行.
NOTIC: [8] Undefined index: art_id D:\xampp\htdocs\personalWebsite\Runtime\Cache\Home\2f412aae274b751dca883838bf7e7502.php 第 180 行.
NOTIC: [8] Undefined index: comment D:\xampp\htdocs\personalWebsite\Runtime\Cache\Home\2f412aae274b751dca883838bf7e7502.php 第 181 行.
NOTIC: [8] Undefined index: art_id D:\xampp\htdocs\personalWebsite\Runtime\Cache\Home\2f412aae274b751dca883838bf7e7502.php 第 183 行.
NOTIC: [8] Undefined index: art_id D:\xampp\htdocs\personalWebsite\Runtime\Cache\Home\2f412aae274b751dca883838bf7e7502.php 第 162 行.
NOTIC: [8] Undefined index: art_id D:\xampp\htdocs\personalWebsite\Runtime\Cache\Home\2f412aae274b751dca883838bf7e7502.php 第 167 行.
NOTIC: [8] Undefined index: art_id D:\xampp\htdocs\personalWebsite\Runtime\Cache\Home\2f412aae274b751dca883838bf7e7502.php 第 177 行.
NOTIC: [8] Undefined index: art_id D:\xampp\htdocs\personalWebsite\Runtime\Cache\Home\2f412aae274b751dca883838bf7e7502.php 第 180 行.
NOTIC: [8] Undefined index: comment D:\xampp\htdocs\personalWebsite\Runtime\Cache\Home\2f412aae274b751dca883838bf7e7502.php 第 181 行.
NOTIC: [8] Undefined index: art_id D:\xampp\htdocs\personalWebsite\Runtime\Cache\Home\2f412aae274b751dca883838bf7e7502.php 第 183 行.
NOTIC: [8] Undefined index: art_id D:\xampp\htdocs\personalWebsite\Runtime\Cache\Home\2f412aae274b751dca883838bf7e7502.php 第 162 行.
NOTIC: [8] Undefined index: art_id D:\xampp\htdocs\personalWebsite\Runtime\Cache\Home\2f412aae274b751dca883838bf7e7502.php 第 167 行.
NOTIC: [8] Undefined index: art_id D:\xampp\htdocs\personalWebsite\Runtime\Cache\Home\2f412aae274b751dca883838bf7e7502.php 第 177 行.
NOTIC: [8] Undefined index: art_id D:\xampp\htdocs\personalWebsite\Runtime\Cache\Home\2f412aae274b751dca883838bf7e7502.php 第 180 行.
NOTIC: [8] Undefined index: comment D:\xampp\htdocs\personalWebsite\Runtime\Cache\Home\2f412aae274b751dca883838bf7e7502.php 第 181 行.
NOTIC: [8] Undefined index: art_id D:\xampp\htdocs\personalWebsite\Runtime\Cache\Home\2f412aae274b751dca883838bf7e7502.php 第 183 行.
NOTIC: [8] Undefined index: art_id D:\xampp\htdocs\personalWebsite\Runtime\Cache\Home\2f412aae274b751dca883838bf7e7502.php 第 162 行.
NOTIC: [8] Undefined index: art_id D:\xampp\htdocs\personalWebsite\Runtime\Cache\Home\2f412aae274b751dca883838bf7e7502.php 第 167 行.
NOTIC: [8] Undefined index: art_id D:\xampp\htdocs\personalWebsite\Runtime\Cache\Home\2f412aae274b751dca883838bf7e7502.php 第 177 行.
NOTIC: [8] Undefined index: art_id D:\xampp\htdocs\personalWebsite\Runtime\Cache\Home\2f412aae274b751dca883838bf7e7502.php 第 180 行.
NOTIC: [8] Undefined index: comment D:\xampp\htdocs\personalWebsite\Runtime\Cache\Home\2f412aae274b751dca883838bf7e7502.php 第 181 行.
NOTIC: [8] Undefined index: art_id D:\xampp\htdocs\personalWebsite\Runtime\Cache\Home\2f412aae274b751dca883838bf7e7502.php 第 183 行.
NOTIC: [8] Undefined index: art_id D:\xampp\htdocs\personalWebsite\Runtime\Cache\Home\2f412aae274b751dca883838bf7e7502.php 第 162 行.
NOTIC: [8] Undefined index: art_id D:\xampp\htdocs\personalWebsite\Runtime\Cache\Home\2f412aae274b751dca883838bf7e7502.php 第 167 行.
NOTIC: [8] Undefined index: art_id D:\xampp\htdocs\personalWebsite\Runtime\Cache\Home\2f412aae274b751dca883838bf7e7502.php 第 177 行.
NOTIC: [8] Undefined index: art_id D:\xampp\htdocs\personalWebsite\Runtime\Cache\Home\2f412aae274b751dca883838bf7e7502.php 第 180 行.
NOTIC: [8] Undefined index: comment D:\xampp\htdocs\personalWebsite\Runtime\Cache\Home\2f412aae274b751dca883838bf7e7502.php 第 181 行.
NOTIC: [8] Undefined index: art_id D:\xampp\htdocs\personalWebsite\Runtime\Cache\Home\2f412aae274b751dca883838bf7e7502.php 第 183 行.
NOTIC: [8] Undefined index: art_id D:\xampp\htdocs\personalWebsite\Runtime\Cache\Home\2f412aae274b751dca883838bf7e7502.php 第 162 行.
NOTIC: [8] Undefined index: art_id D:\xampp\htdocs\personalWebsite\Runtime\Cache\Home\2f412aae274b751dca883838bf7e7502.php 第 167 行.
NOTIC: [8] Undefined index: art_id D:\xampp\htdocs\personalWebsite\Runtime\Cache\Home\2f412aae274b751dca883838bf7e7502.php 第 177 行.
NOTIC: [8] Undefined index: art_id D:\xampp\htdocs\personalWebsite\Runtime\Cache\Home\2f412aae274b751dca883838bf7e7502.php 第 180 行.
NOTIC: [8] Undefined index: comment D:\xampp\htdocs\personalWebsite\Runtime\Cache\Home\2f412aae274b751dca883838bf7e7502.php 第 181 行.
NOTIC: [8] Undefined index: art_id D:\xampp\htdocs\personalWebsite\Runtime\Cache\Home\2f412aae274b751dca883838bf7e7502.php 第 183 行.
NOTIC: [8] Undefined index: art_id D:\xampp\htdocs\personalWebsite\Runtime\Cache\Home\2f412aae274b751dca883838bf7e7502.php 第 162 行.
NOTIC: [8] Undefined index: art_id D:\xampp\htdocs\personalWebsite\Runtime\Cache\Home\2f412aae274b751dca883838bf7e7502.php 第 177 行.
NOTIC: [8] Undefined index: art_id D:\xampp\htdocs\personalWebsite\Runtime\Cache\Home\2f412aae274b751dca883838bf7e7502.php 第 180 行.
NOTIC: [8] Undefined index: comment D:\xampp\htdocs\personalWebsite\Runtime\Cache\Home\2f412aae274b751dca883838bf7e7502.php 第 181 行.
NOTIC: [8] Undefined index: art_id D:\xampp\htdocs\personalWebsite\Runtime\Cache\Home\2f412aae274b751dca883838bf7e7502.php 第 183 行.
INFO: Run Behavior\ParseTemplateBehavior [ RunTime:0.017841s ]
INFO: [ view_parse ] --END-- [ RunTime:0.017882s ]
INFO: [ view_filter ] --START--
INFO: Run Behavior\WriteHtmlCacheBehavior [ RunTime:0.000325s ]
INFO: [ view_filter ] --END-- [ RunTime:0.000358s ]
NOTIC: [2] Cannot modify header information - headers already sent by (output started at D:\xampp\htdocs\personalWebsite\Home\Controller\IndexController.class.php:20) D:\xampp\htdocs\ThinkPHP\Library\Think\View.class.php 第 91 行.
NOTIC: [2] Cannot modify header information - headers already sent by (output started at D:\xampp\htdocs\personalWebsite\Home\Controller\IndexController.class.php:20) D:\xampp\htdocs\ThinkPHP\Library\Think\View.class.php 第 92 行.
NOTIC: [2] Cannot modify header information - headers already sent by (output started at D:\xampp\htdocs\personalWebsite\Home\Controller\IndexController.class.php:20) D:\xampp\htdocs\ThinkPHP\Library\Think\View.class.php 第 93 行.
INFO: [ app_end ] --START--
INFO: Run Behavior\ShowPageTraceBehavior [ RunTime:0.000572s ]
INFO: [ app_end ] --END-- [ RunTime:0.000609s ]

[ 2017-03-10T15:47:04+08:00 ] ::1 /personalWebsite/index.php/Home/Index/broadcast
INFO: [ app_init ] --START--
INFO: Run Behavior\BuildLiteBehavior [ RunTime:0.000072s ]
INFO: [ app_init ] --END-- [ RunTime:0.001402s ]
INFO: [ app_begin ] --START--
INFO: Run Behavior\ReadHtmlCacheBehavior [ RunTime:0.000770s ]
INFO: [ app_begin ] --END-- [ RunTime:0.000933s ]
SQL: SHOW COLUMNS FROM `cast_one` [ RunTime:0.0049s ]
SQL: SELECT * FROM `cast_one`  [ RunTime:0.0004s ]

[ 2017-03-10T15:48:10+08:00 ] ::1 /personalWebsite/index.php/Home/Index/index.html
INFO: [ app_init ] --START--
INFO: Run Behavior\BuildLiteBehavior [ RunTime:0.000049s ]
INFO: [ app_init ] --END-- [ RunTime:0.000600s ]
INFO: [ app_begin ] --START--
INFO: Run Behavior\ReadHtmlCacheBehavior [ RunTime:0.000552s ]
INFO: [ app_begin ] --END-- [ RunTime:0.000632s ]
SQL: SHOW COLUMNS FROM `art` [ RunTime:0.0033s ]
SQL: SELECT `art_id`,`art_read`,`art_zan`,`art_title` FROM `art` WHERE ( UNIX_TIMESTAMP(art_time) > 1488527290 and UNIX_TIMESTAMP(art_time) < 1489132090 ) ORDER BY art_read desc LIMIT 0,5   [ RunTime:0.0002s ]
ERR: 1052:Column 'art_id' in group statement is ambiguous
 [ SQL语句 ] : SELECT `art_title`,`art_content`,`art_author`,`art_read`,`art_zan`,`art_cataogaries`,`art_tags`,`art_time`,`photo_id`,`photohref` FROM `art` left join photo on photo.art_id = art.art_id left join comment on comment.art_id = art.art_id  WHERE ( photo_id = 1 ) GROUP BY art_id ORDER BY art_time desc 
ERR: 1052:Column 'art_id' in group statement is ambiguous
 [ SQL语句 ] : SELECT `art_title`,`art_content`,`art_author`,`art_read`,`art_zan`,`art_cataogaries`,`art_tags`,`art_time`,`photo_id`,`photohref` FROM `art` left join photo on photo.art_id = art.art_id left join comment on comment.art_id = art.art_id  WHERE ( photo_id = 1 ) GROUP BY art_id ORDER BY art_time desc 

[ 2017-03-10T15:48:38+08:00 ] ::1 /personalWebsite/index.php/Home/Index/index.html
INFO: [ app_init ] --START--
INFO: Run Behavior\BuildLiteBehavior [ RunTime:0.000009s ]
INFO: [ app_init ] --END-- [ RunTime:0.000249s ]
INFO: [ app_begin ] --START--
INFO: Run Behavior\ReadHtmlCacheBehavior [ RunTime:0.000435s ]
INFO: [ app_begin ] --END-- [ RunTime:0.000475s ]
SQL: SHOW COLUMNS FROM `art` [ RunTime:0.0028s ]
SQL: SELECT `art_id`,`art_read`,`art_zan`,`art_title` FROM `art` WHERE ( UNIX_TIMESTAMP(art_time) > 1488527318 and UNIX_TIMESTAMP(art_time) < 1489132118 ) ORDER BY art_read desc LIMIT 0,5   [ RunTime:0.0002s ]
ERR: 1052:Column 'art_id' in field list is ambiguous
 [ SQL语句 ] : SELECT `art_id`,`art_title`,`art_content`,`art_author`,`art_read`,`art_zan`,`art_cataogaries`,`art_tags`,`art_time`,`photo_id`,`photohref`,count("com_id") FROM `art` left join photo on photo.art_id = art.art_id left join comment on comment.art_id = art.art_id  WHERE ( photo_id = 1 ) GROUP BY art_id ORDER BY art_time desc 
ERR: 1052:Column 'art_id' in field list is ambiguous
 [ SQL语句 ] : SELECT `art_id`,`art_title`,`art_content`,`art_author`,`art_read`,`art_zan`,`art_cataogaries`,`art_tags`,`art_time`,`photo_id`,`photohref`,count("com_id") FROM `art` left join photo on photo.art_id = art.art_id left join comment on comment.art_id = art.art_id  WHERE ( photo_id = 1 ) GROUP BY art_id ORDER BY art_time desc 

[ 2017-03-10T15:49:48+08:00 ] ::1 /personalWebsite/index.php/Home/Index/index.html
INFO: [ app_init ] --START--
INFO: Run Behavior\BuildLiteBehavior [ RunTime:0.000009s ]
INFO: [ app_init ] --END-- [ RunTime:0.000283s ]
INFO: [ app_begin ] --START--
INFO: Run Behavior\ReadHtmlCacheBehavior [ RunTime:0.000432s ]
INFO: [ app_begin ] --END-- [ RunTime:0.000473s ]
SQL: SHOW COLUMNS FROM `art` [ RunTime:0.0029s ]
SQL: SELECT `art_id`,`art_read`,`art_zan`,`art_title` FROM `art` WHERE ( UNIX_TIMESTAMP(art_time) > 1488527388 and UNIX_TIMESTAMP(art_time) < 1489132188 ) ORDER BY art_read desc LIMIT 0,5   [ RunTime:0.0004s ]
SQL: SELECT * FROM `art` left join photo on photo.art_id = art.art_id left join comment on comment.art_id = art.art_id  ORDER BY art_time desc  [ RunTime:0.0043s ]
INFO: [ view_parse ] --START--
INFO: [ template_filter ] --START--
INFO: Run Behavior\ContentReplaceBehavior [ RunTime:0.000117s ]
INFO: [ template_filter ] --END-- [ RunTime:0.000238s ]
INFO: Run Behavior\ParseTemplateBehavior [ RunTime:0.026023s ]
INFO: [ view_parse ] --END-- [ RunTime:0.026085s ]
INFO: [ view_filter ] --START--
INFO: Run Behavior\WriteHtmlCacheBehavior [ RunTime:0.000351s ]
INFO: [ view_filter ] --END-- [ RunTime:0.000391s ]
NOTIC: [2] Cannot modify header information - headers already sent by (output started at D:\xampp\htdocs\personalWebsite\Home\Controller\IndexController.class.php:20) D:\xampp\htdocs\ThinkPHP\Library\Think\View.class.php 第 91 行.
NOTIC: [2] Cannot modify header information - headers already sent by (output started at D:\xampp\htdocs\personalWebsite\Home\Controller\IndexController.class.php:20) D:\xampp\htdocs\ThinkPHP\Library\Think\View.class.php 第 92 行.
NOTIC: [2] Cannot modify header information - headers already sent by (output started at D:\xampp\htdocs\personalWebsite\Home\Controller\IndexController.class.php:20) D:\xampp\htdocs\ThinkPHP\Library\Think\View.class.php 第 93 行.
INFO: [ app_end ] --START--
INFO: Run Behavior\ShowPageTraceBehavior [ RunTime:0.000534s ]
INFO: [ app_end ] --END-- [ RunTime:0.000575s ]

[ 2017-03-10T15:49:49+08:00 ] ::1 /personalWebsite/index.php/Home/Index/broadcast
INFO: [ app_init ] --START--
INFO: Run Behavior\BuildLiteBehavior [ RunTime:0.000010s ]
INFO: [ app_init ] --END-- [ RunTime:0.000270s ]
INFO: [ app_begin ] --START--
INFO: Run Behavior\ReadHtmlCacheBehavior [ RunTime:0.000421s ]
INFO: [ app_begin ] --END-- [ RunTime:0.000460s ]
SQL: SHOW COLUMNS FROM `cast_one` [ RunTime:0.0026s ]
SQL: SELECT * FROM `cast_one`  [ RunTime:0.0001s ]

