[ 2017-04-26T13:49:58+08:00 ] ::1 /personalWebsite/index.php/home
INFO: [ app_init ] --START--
INFO: Run Behavior\BuildLiteBehavior [ RunTime:0.000011s ]
INFO: [ app_init ] --END-- [ RunTime:0.001625s ]
INFO: [ app_begin ] --START--
INFO: Run Behavior\ReadHtmlCacheBehavior [ RunTime:0.002090s ]
INFO: [ app_begin ] --END-- [ RunTime:0.002148s ]
SQL: SHOW COLUMNS FROM `art` [ RunTime:0.0281s ]
SQL: SELECT `art_id`,`art_read`,`art_zan`,`art_title` FROM `art` WHERE ( UNIX_TIMESTAMP(art_time) > 1492580998 and UNIX_TIMESTAMP(art_time) < 1493185798 ) ORDER BY art_read desc LIMIT 0,5   [ RunTime:0.0003s ]
SQL: SHOW COLUMNS FROM `download` [ RunTime:0.0079s ]
SQL: SELECT * FROM `download` ORDER BY d_num desc LIMIT 0,5   [ RunTime:0.0002s ]
SQL: SELECT art.art_id,`art_title`,`art_content`,`art_author`,`art_read`,`art_zan`,`art_cataogaries`,`art_tags`,`art_time`,`art_href`,count(com_id) as idnum FROM `art` left join commentreply on commentreply.art_id = art.art_id  GROUP BY art.art_id ORDER BY art_time desc  [ RunTime:0.0098s ]
SQL: SELECT art.art_id,`art_title`,`art_content`,`art_author`,`art_read`,`art_zan`,`art_cataogaries`,`art_tags`,`art_time`,`art_href`,count(com_id) as idnum FROM `art` left join commentreply on commentreply.art_id = art.art_id  GROUP BY art.art_id ORDER BY art_time desc LIMIT 0,5   [ RunTime:0.0028s ]
INFO: [ view_parse ] --START--
INFO: [ template_filter ] --START--
INFO: Run Behavior\ContentReplaceBehavior [ RunTime:0.000097s ]
INFO: [ template_filter ] --END-- [ RunTime:0.000152s ]
INFO: Run Behavior\ParseTemplateBehavior [ RunTime:0.033426s ]
INFO: [ view_parse ] --END-- [ RunTime:0.033478s ]
INFO: [ view_filter ] --START--
INFO: Run Behavior\WriteHtmlCacheBehavior [ RunTime:0.001928s ]
INFO: [ view_filter ] --END-- [ RunTime:0.001965s ]
INFO: [ app_end ] --START--
INFO: Run Behavior\ShowPageTraceBehavior [ RunTime:0.003321s ]
INFO: [ app_end ] --END-- [ RunTime:0.003382s ]

[ 2017-04-26T13:49:59+08:00 ] ::1 /personalWebsite/index.php/Home/Index/broadcast
INFO: [ app_init ] --START--
INFO: Run Behavior\BuildLiteBehavior [ RunTime:0.000026s ]
INFO: [ app_init ] --END-- [ RunTime:0.000412s ]
INFO: [ app_begin ] --START--
INFO: Run Behavior\ReadHtmlCacheBehavior [ RunTime:0.000518s ]
INFO: [ app_begin ] --END-- [ RunTime:0.000611s ]
SQL: SHOW COLUMNS FROM `cast_one` [ RunTime:0.0254s ]
SQL: SELECT * FROM `cast_one`  [ RunTime:0.0002s ]

[ 2017-04-26T13:50:00+08:00 ] ::1 /personalWebsite/index.php/Home/Index/index.html
INFO: [ app_init ] --START--
INFO: Run Behavior\BuildLiteBehavior [ RunTime:0.000010s ]
INFO: [ app_init ] --END-- [ RunTime:0.000255s ]
INFO: [ app_begin ] --START--
INFO: Run Behavior\ReadHtmlCacheBehavior [ RunTime:0.000440s ]
INFO: [ app_begin ] --END-- [ RunTime:0.000497s ]
SQL: SHOW COLUMNS FROM `art` [ RunTime:0.0028s ]
SQL: SELECT `art_id`,`art_read`,`art_zan`,`art_title` FROM `art` WHERE ( UNIX_TIMESTAMP(art_time) > 1492581000 and UNIX_TIMESTAMP(art_time) < 1493185800 ) ORDER BY art_read desc LIMIT 0,5   [ RunTime:0.0002s ]
SQL: SHOW COLUMNS FROM `download` [ RunTime:0.0022s ]
SQL: SELECT * FROM `download` ORDER BY d_num desc LIMIT 0,5   [ RunTime:0.0002s ]
SQL: SELECT art.art_id,`art_title`,`art_content`,`art_author`,`art_read`,`art_zan`,`art_cataogaries`,`art_tags`,`art_time`,`art_href`,count(com_id) as idnum FROM `art` left join commentreply on commentreply.art_id = art.art_id  GROUP BY art.art_id ORDER BY art_time desc  [ RunTime:0.0026s ]
SQL: SELECT art.art_id,`art_title`,`art_content`,`art_author`,`art_read`,`art_zan`,`art_cataogaries`,`art_tags`,`art_time`,`art_href`,count(com_id) as idnum FROM `art` left join commentreply on commentreply.art_id = art.art_id  GROUP BY art.art_id ORDER BY art_time desc LIMIT 0,5   [ RunTime:0.0025s ]
INFO: [ view_parse ] --START--
INFO: [ template_filter ] --START--
INFO: Run Behavior\ContentReplaceBehavior [ RunTime:0.000070s ]
INFO: [ template_filter ] --END-- [ RunTime:0.000111s ]
INFO: Run Behavior\ParseTemplateBehavior [ RunTime:0.019404s ]
INFO: [ view_parse ] --END-- [ RunTime:0.019457s ]
INFO: [ view_filter ] --START--
INFO: Run Behavior\WriteHtmlCacheBehavior [ RunTime:0.000321s ]
INFO: [ view_filter ] --END-- [ RunTime:0.000355s ]
INFO: [ app_end ] --START--
INFO: Run Behavior\ShowPageTraceBehavior [ RunTime:0.000717s ]
INFO: [ app_end ] --END-- [ RunTime:0.000771s ]

[ 2017-04-26T13:50:00+08:00 ] ::1 /personalWebsite/index.php/Home/Index/broadcast
INFO: [ app_init ] --START--
INFO: Run Behavior\BuildLiteBehavior [ RunTime:0.000028s ]
INFO: [ app_init ] --END-- [ RunTime:0.000490s ]
INFO: [ app_begin ] --START--
INFO: Run Behavior\ReadHtmlCacheBehavior [ RunTime:0.000798s ]
INFO: [ app_begin ] --END-- [ RunTime:0.000895s ]
SQL: SHOW COLUMNS FROM `cast_one` [ RunTime:0.0052s ]
SQL: SELECT * FROM `cast_one`  [ RunTime:0.0002s ]

[ 2017-04-26T13:50:02+08:00 ] ::1 /personalWebsite/index.php/Home/article/article/page/17
INFO: [ app_init ] --START--
INFO: Run Behavior\BuildLiteBehavior [ RunTime:0.000011s ]
INFO: [ app_init ] --END-- [ RunTime:0.000273s ]
INFO: [ app_begin ] --START--
INFO: Run Behavior\ReadHtmlCacheBehavior [ RunTime:0.000491s ]
INFO: [ app_begin ] --END-- [ RunTime:0.000537s ]
SQL: SHOW COLUMNS FROM `art` [ RunTime:0.0132s ]
SQL: UPDATE `art` SET `art_read`=art_read+1 WHERE ( art_id=17 ) [ RunTime:0.0778s ]
SQL: SELECT * FROM `art` WHERE ( art_id=17 ) LIMIT 1   [ RunTime:0.0002s ]
INFO: [ view_parse ] --START--
INFO: [ template_filter ] --START--
INFO: Run Behavior\ContentReplaceBehavior [ RunTime:0.000273s ]
INFO: [ template_filter ] --END-- [ RunTime:0.000401s ]
INFO: Run Behavior\ParseTemplateBehavior [ RunTime:0.022491s ]
INFO: [ view_parse ] --END-- [ RunTime:0.022544s ]
INFO: [ view_filter ] --START--
INFO: Run Behavior\WriteHtmlCacheBehavior [ RunTime:0.000323s ]
INFO: [ view_filter ] --END-- [ RunTime:0.000359s ]
INFO: [ app_end ] --START--
INFO: Run Behavior\ShowPageTraceBehavior [ RunTime:0.000611s ]
INFO: [ app_end ] --END-- [ RunTime:0.000651s ]

[ 2017-04-26T13:50:02+08:00 ] ::1 /personalWebsite/index.php/Home/Article/registerVerifyCode
INFO: [ app_init ] --START--
INFO: Run Behavior\BuildLiteBehavior [ RunTime:0.000011s ]
INFO: [ app_init ] --END-- [ RunTime:0.000263s ]
INFO: [ app_begin ] --START--
INFO: Run Behavior\ReadHtmlCacheBehavior [ RunTime:0.000639s ]
INFO: [ app_begin ] --END-- [ RunTime:0.000685s ]
NOTIC: [8] A session had already been started - ignoring session_start() D:\xampp\htdocs\personalWebsite\Home\Controller\ArticleController.class.php 第 215 行.
INFO: [ app_end ] --START--
INFO: Run Behavior\ShowPageTraceBehavior [ RunTime:0.000488s ]
INFO: [ app_end ] --END-- [ RunTime:0.000542s ]

[ 2017-04-26T13:50:02+08:00 ] ::1 /personalWebsite/index.php/Home/Article/loginVerifyCode
INFO: [ app_init ] --START--
INFO: Run Behavior\BuildLiteBehavior [ RunTime:0.000026s ]
INFO: [ app_init ] --END-- [ RunTime:0.000425s ]
INFO: [ app_begin ] --START--
INFO: Run Behavior\ReadHtmlCacheBehavior [ RunTime:0.000718s ]
INFO: [ app_begin ] --END-- [ RunTime:0.000813s ]
NOTIC: [8] A session had already been started - ignoring session_start() D:\xampp\htdocs\personalWebsite\Home\Controller\ArticleController.class.php 第 210 行.
INFO: [ app_end ] --START--
INFO: Run Behavior\ShowPageTraceBehavior [ RunTime:0.000598s ]
INFO: [ app_end ] --END-- [ RunTime:0.000666s ]

[ 2017-04-26T13:50:02+08:00 ] ::1 /personalWebsite/index.php/Home/Index/broadcast
INFO: [ app_init ] --START--
INFO: Run Behavior\BuildLiteBehavior [ RunTime:0.000025s ]
INFO: [ app_init ] --END-- [ RunTime:0.000541s ]
INFO: [ app_begin ] --START--
INFO: Run Behavior\ReadHtmlCacheBehavior [ RunTime:0.000860s ]
INFO: [ app_begin ] --END-- [ RunTime:0.000946s ]
SQL: SHOW COLUMNS FROM `cast_one` [ RunTime:0.0024s ]
SQL: SELECT * FROM `cast_one`  [ RunTime:0.0001s ]

[ 2017-04-26T13:50:02+08:00 ] ::1 /personalWebsite/index.php/Home/Article/comment?page=17
INFO: [ app_init ] --START--
INFO: Run Behavior\BuildLiteBehavior [ RunTime:0.000017s ]
INFO: [ app_init ] --END-- [ RunTime:0.000452s ]
INFO: [ app_begin ] --START--
INFO: Run Behavior\ReadHtmlCacheBehavior [ RunTime:0.000611s ]
INFO: [ app_begin ] --END-- [ RunTime:0.000679s ]
SQL: SHOW COLUMNS FROM `commentreply` [ RunTime:0.0026s ]
SQL: SELECT * FROM `commentreply` WHERE ( art_id=17 ) ORDER BY com_id desc  [ RunTime:0.0002s ]

[ 2017-04-26T13:50:08+08:00 ] ::1 /personalWebsite/index.php/Home/Article/register
INFO: [ app_init ] --START--
INFO: Run Behavior\BuildLiteBehavior [ RunTime:0.000009s ]
INFO: [ app_init ] --END-- [ RunTime:0.000313s ]
INFO: [ app_begin ] --START--
INFO: Run Behavior\ReadHtmlCacheBehavior [ RunTime:0.000412s ]
INFO: [ app_begin ] --END-- [ RunTime:0.000450s ]
NOTIC: [8] A session had already been started - ignoring session_start() D:\xampp\htdocs\personalWebsite\Home\Controller\ArticleController.class.php 第 109 行.
SQL: SHOW COLUMNS FROM `account` [ RunTime:0.0037s ]
INFO: [ app_end ] --START--
INFO: Run Behavior\ShowPageTraceBehavior [ RunTime:0.000491s ]
INFO: [ app_end ] --END-- [ RunTime:0.000533s ]

[ 2017-04-26T13:50:19+08:00 ] ::1 /personalWebsite/index.php/Home/Article/chargeCode
INFO: [ app_init ] --START--
INFO: Run Behavior\BuildLiteBehavior [ RunTime:0.000011s ]
INFO: [ app_init ] --END-- [ RunTime:0.000274s ]
INFO: [ app_begin ] --START--
INFO: Run Behavior\ReadHtmlCacheBehavior [ RunTime:0.000411s ]
INFO: [ app_begin ] --END-- [ RunTime:0.000448s ]

[ 2017-04-26T13:50:42+08:00 ] ::1 /personalWebsite/index.php/Home/Article/chargeCode
INFO: [ app_init ] --START--
INFO: Run Behavior\BuildLiteBehavior [ RunTime:0.000010s ]
INFO: [ app_init ] --END-- [ RunTime:0.000256s ]
INFO: [ app_begin ] --START--
INFO: Run Behavior\ReadHtmlCacheBehavior [ RunTime:0.000449s ]
INFO: [ app_begin ] --END-- [ RunTime:0.000487s ]

[ 2017-04-26T13:50:46+08:00 ] ::1 /personalWebsite/index.php/Home/Article/chargeCode
INFO: [ app_init ] --START--
INFO: Run Behavior\BuildLiteBehavior [ RunTime:0.000009s ]
INFO: [ app_init ] --END-- [ RunTime:0.000247s ]
INFO: [ app_begin ] --START--
INFO: Run Behavior\ReadHtmlCacheBehavior [ RunTime:0.000404s ]
INFO: [ app_begin ] --END-- [ RunTime:0.000440s ]

[ 2017-04-26T13:50:51+08:00 ] ::1 /personalWebsite/index.php/Home/Article/chargeCode
INFO: [ app_init ] --START--
INFO: Run Behavior\BuildLiteBehavior [ RunTime:0.000010s ]
INFO: [ app_init ] --END-- [ RunTime:0.000268s ]
INFO: [ app_begin ] --START--
INFO: Run Behavior\ReadHtmlCacheBehavior [ RunTime:0.000409s ]
INFO: [ app_begin ] --END-- [ RunTime:0.000446s ]

